<?xml version="1.0" encoding="UTF-8"?>
<!-- Generated by org.testng.reporters.JUnitXMLReporter -->
<testsuite hostname="System1" ignored="0" name="CVSWeb test" tests="63" failures="4" timestamp="12 May 2019 17:22:17 GMT" time="1770.844" errors="0">
  <testcase name="loginTest" time="13.465" classname="com.solitoncvs.testCases.TC_CVS_OPERATOR_1"/>
  <testcase name="startBroadcast" time="17.022" classname="com.solitoncvs.testCases.TC_CVS_OPERATOR_4">
    <failure type="org.openqa.selenium.NoSuchElementException" message="no such element: Unable to locate element: {&amp;quot;method&amp;quot;:&amp;quot;id&amp;quot;,&amp;quot;selector&amp;quot;:&amp;quot;title&amp;quot;}
  (Session info: chrome=74.0.3729.131)
  (Driver info: chromedriver=74.0.3729.6 (255758eccf3d244491b8a1317aa76e1ce10d57e9-refs/branch-heads/3729@{#29}),platform=Windows NT 6.1.7601 SP1 x86_64) (WARNING: The server did not provide any stacktrace information)
Command duration or timeout: 0 milliseconds
For documentation on this error, please visit: http://seleniumhq.org/exceptions/no_such_element.html
Build info: version: &amp;apos;3.14.0&amp;apos;, revision: &amp;apos;aacccce0&amp;apos;, time: &amp;apos;2018-08-02T20:19:58.91Z&amp;apos;
System info: host: &amp;apos;SYSTEM1&amp;apos;, ip: &amp;apos;192.168.43.114&amp;apos;, os.name: &amp;apos;Windows 7&amp;apos;, os.arch: &amp;apos;amd64&amp;apos;, os.version: &amp;apos;6.1&amp;apos;, java.version: &amp;apos;1.8.0_25&amp;apos;
Driver info: org.openqa.selenium.chrome.ChromeDriver
Capabilities {acceptInsecureCerts: false, acceptSslCerts: false, applicationCacheEnabled: false, browserConnectionEnabled: false, browserName: chrome, chrome: {chromedriverVersion: 74.0.3729.6 (255758eccf3d24..., userDataDir: C:\Users\Pentacle\AppData\L...}, cssSelectorsEnabled: true, databaseEnabled: false, goog:chromeOptions: {debuggerAddress: localhost:63500}, handlesAlerts: true, hasTouchScreen: false, javascriptEnabled: true, locationContextEnabled: true, mobileEmulationEnabled: false, nativeEvents: true, networkConnectionEnabled: false, pageLoadStrategy: normal, platform: XP, platformName: XP, proxy: Proxy(), rotatable: false, setWindowRect: true, strictFileInteractability: false, takesHeapSnapshot: true, takesScreenshot: true, timeouts: {implicit: 0, pageLoad: 300000, script: 30000}, unexpectedAlertBehaviour: ignore, unhandledPromptBehavior: ignore, version: 74.0.3729.131, webStorageEnabled: true}
Session ID: 648dc9dcec53d79cf78ca70a4bcbbf7f
*** Element info: {Using=id, value=title}">
      <![CDATA[org.openqa.selenium.NoSuchElementException: no such element: Unable to locate element: {"method":"id","selector":"title"}
  (Session info: chrome=74.0.3729.131)
  (Driver info: chromedriver=74.0.3729.6 (255758eccf3d244491b8a1317aa76e1ce10d57e9-refs/branch-heads/3729@{#29}),platform=Windows NT 6.1.7601 SP1 x86_64) (WARNING: The server did not provide any stacktrace information)
Command duration or timeout: 0 milliseconds
For documentation on this error, please visit: http://seleniumhq.org/exceptions/no_such_element.html
Build info: version: '3.14.0', revision: 'aacccce0', time: '2018-08-02T20:19:58.91Z'
System info: host: 'SYSTEM1', ip: '192.168.43.114', os.name: 'Windows 7', os.arch: 'amd64', os.version: '6.1', java.version: '1.8.0_25'
Driver info: org.openqa.selenium.chrome.ChromeDriver
Capabilities {acceptInsecureCerts: false, acceptSslCerts: false, applicationCacheEnabled: false, browserConnectionEnabled: false, browserName: chrome, chrome: {chromedriverVersion: 74.0.3729.6 (255758eccf3d24..., userDataDir: C:\Users\Pentacle\AppData\L...}, cssSelectorsEnabled: true, databaseEnabled: false, goog:chromeOptions: {debuggerAddress: localhost:63500}, handlesAlerts: true, hasTouchScreen: false, javascriptEnabled: true, locationContextEnabled: true, mobileEmulationEnabled: false, nativeEvents: true, networkConnectionEnabled: false, pageLoadStrategy: normal, platform: XP, platformName: XP, proxy: Proxy(), rotatable: false, setWindowRect: true, strictFileInteractability: false, takesHeapSnapshot: true, takesScreenshot: true, timeouts: {implicit: 0, pageLoad: 300000, script: 30000}, unexpectedAlertBehaviour: ignore, unhandledPromptBehavior: ignore, version: 74.0.3729.131, webStorageEnabled: true}
Session ID: 648dc9dcec53d79cf78ca70a4bcbbf7f
*** Element info: {Using=id, value=title}
at org.openqa.selenium.remote.ErrorHandler.createThrowable(ErrorHandler.java:214)
at org.openqa.selenium.remote.ErrorHandler.throwIfResponseFailed(ErrorHandler.java:166)
at org.openqa.selenium.remote.http.JsonHttpResponseCodec.reconstructValue(JsonHttpResponseCodec.java:40)
at org.openqa.selenium.remote.http.AbstractHttpResponseCodec.decode(AbstractHttpResponseCodec.java:80)
at org.openqa.selenium.remote.http.AbstractHttpResponseCodec.decode(AbstractHttpResponseCodec.java:44)
at org.openqa.selenium.remote.HttpCommandExecutor.execute(HttpCommandExecutor.java:158)
at org.openqa.selenium.remote.service.DriverCommandExecutor.execute(DriverCommandExecutor.java:83)
at org.openqa.selenium.remote.RemoteWebDriver.execute(RemoteWebDriver.java:548)
at org.openqa.selenium.remote.RemoteWebDriver.findElement(RemoteWebDriver.java:322)
at org.openqa.selenium.remote.RemoteWebDriver.findElementById(RemoteWebDriver.java:368)
at org.openqa.selenium.By$ById.findElement(By.java:188)
at org.openqa.selenium.remote.RemoteWebDriver.findElement(RemoteWebDriver.java:314)
at org.openqa.selenium.support.pagefactory.DefaultElementLocator.findElement(DefaultElementLocator.java:69)
at org.openqa.selenium.support.pagefactory.internal.LocatingElementHandler.invoke(LocatingElementHandler.java:38)
at com.sun.proxy.$Proxy11.sendKeys(Unknown Source)
at com.solitoncvs.pageObjects.CreateNewBroadcast.broadcasteName(CreateNewBroadcast.java:36)
at com.solitoncvs.testCases.TC_CVS_OPERATOR_4.startBroadcast(TC_CVS_OPERATOR_4.java:29)
... Removed 29 stack frames]]>
    </failure>
  </testcase> <!-- startBroadcast -->
  <testcase name="shutdownBroadcast" time="17.327" classname="com.solitoncvs.testCases.TC_CVS_OPERATOR_5">
    <failure type="org.openqa.selenium.NoSuchElementException" message="no such element: Unable to locate element: {&amp;quot;method&amp;quot;:&amp;quot;xpath&amp;quot;,&amp;quot;selector&amp;quot;:&amp;quot;//button[text()=&amp;apos;Start&amp;apos;]&amp;quot;}
  (Session info: chrome=74.0.3729.131)
  (Driver info: chromedriver=74.0.3729.6 (255758eccf3d244491b8a1317aa76e1ce10d57e9-refs/branch-heads/3729@{#29}),platform=Windows NT 6.1.7601 SP1 x86_64) (WARNING: The server did not provide any stacktrace information)
Command duration or timeout: 0 milliseconds
For documentation on this error, please visit: http://seleniumhq.org/exceptions/no_such_element.html
Build info: version: &amp;apos;3.14.0&amp;apos;, revision: &amp;apos;aacccce0&amp;apos;, time: &amp;apos;2018-08-02T20:19:58.91Z&amp;apos;
System info: host: &amp;apos;SYSTEM1&amp;apos;, ip: &amp;apos;192.168.43.114&amp;apos;, os.name: &amp;apos;Windows 7&amp;apos;, os.arch: &amp;apos;amd64&amp;apos;, os.version: &amp;apos;6.1&amp;apos;, java.version: &amp;apos;1.8.0_25&amp;apos;
Driver info: org.openqa.selenium.chrome.ChromeDriver
Capabilities {acceptInsecureCerts: false, acceptSslCerts: false, applicationCacheEnabled: false, browserConnectionEnabled: false, browserName: chrome, chrome: {chromedriverVersion: 74.0.3729.6 (255758eccf3d24..., userDataDir: C:\Users\Pentacle\AppData\L...}, cssSelectorsEnabled: true, databaseEnabled: false, goog:chromeOptions: {debuggerAddress: localhost:63548}, handlesAlerts: true, hasTouchScreen: false, javascriptEnabled: true, locationContextEnabled: true, mobileEmulationEnabled: false, nativeEvents: true, networkConnectionEnabled: false, pageLoadStrategy: normal, platform: XP, platformName: XP, proxy: Proxy(), rotatable: false, setWindowRect: true, strictFileInteractability: false, takesHeapSnapshot: true, takesScreenshot: true, timeouts: {implicit: 0, pageLoad: 300000, script: 30000}, unexpectedAlertBehaviour: ignore, unhandledPromptBehavior: ignore, version: 74.0.3729.131, webStorageEnabled: true}
Session ID: bd4f5ae0c426a335b1d620e5d4c85446
*** Element info: {Using=xpath, value=//button[text()=&amp;apos;Start&amp;apos;]}">
      <![CDATA[org.openqa.selenium.NoSuchElementException: no such element: Unable to locate element: {"method":"xpath","selector":"//button[text()='Start']"}
  (Session info: chrome=74.0.3729.131)
  (Driver info: chromedriver=74.0.3729.6 (255758eccf3d244491b8a1317aa76e1ce10d57e9-refs/branch-heads/3729@{#29}),platform=Windows NT 6.1.7601 SP1 x86_64) (WARNING: The server did not provide any stacktrace information)
Command duration or timeout: 0 milliseconds
For documentation on this error, please visit: http://seleniumhq.org/exceptions/no_such_element.html
Build info: version: '3.14.0', revision: 'aacccce0', time: '2018-08-02T20:19:58.91Z'
System info: host: 'SYSTEM1', ip: '192.168.43.114', os.name: 'Windows 7', os.arch: 'amd64', os.version: '6.1', java.version: '1.8.0_25'
Driver info: org.openqa.selenium.chrome.ChromeDriver
Capabilities {acceptInsecureCerts: false, acceptSslCerts: false, applicationCacheEnabled: false, browserConnectionEnabled: false, browserName: chrome, chrome: {chromedriverVersion: 74.0.3729.6 (255758eccf3d24..., userDataDir: C:\Users\Pentacle\AppData\L...}, cssSelectorsEnabled: true, databaseEnabled: false, goog:chromeOptions: {debuggerAddress: localhost:63548}, handlesAlerts: true, hasTouchScreen: false, javascriptEnabled: true, locationContextEnabled: true, mobileEmulationEnabled: false, nativeEvents: true, networkConnectionEnabled: false, pageLoadStrategy: normal, platform: XP, platformName: XP, proxy: Proxy(), rotatable: false, setWindowRect: true, strictFileInteractability: false, takesHeapSnapshot: true, takesScreenshot: true, timeouts: {implicit: 0, pageLoad: 300000, script: 30000}, unexpectedAlertBehaviour: ignore, unhandledPromptBehavior: ignore, version: 74.0.3729.131, webStorageEnabled: true}
Session ID: bd4f5ae0c426a335b1d620e5d4c85446
*** Element info: {Using=xpath, value=//button[text()='Start']}
at org.openqa.selenium.remote.ErrorHandler.createThrowable(ErrorHandler.java:214)
at org.openqa.selenium.remote.ErrorHandler.throwIfResponseFailed(ErrorHandler.java:166)
at org.openqa.selenium.remote.http.JsonHttpResponseCodec.reconstructValue(JsonHttpResponseCodec.java:40)
at org.openqa.selenium.remote.http.AbstractHttpResponseCodec.decode(AbstractHttpResponseCodec.java:80)
at org.openqa.selenium.remote.http.AbstractHttpResponseCodec.decode(AbstractHttpResponseCodec.java:44)
at org.openqa.selenium.remote.HttpCommandExecutor.execute(HttpCommandExecutor.java:158)
at org.openqa.selenium.remote.service.DriverCommandExecutor.execute(DriverCommandExecutor.java:83)
at org.openqa.selenium.remote.RemoteWebDriver.execute(RemoteWebDriver.java:548)
at org.openqa.selenium.remote.RemoteWebDriver.findElement(RemoteWebDriver.java:322)
at org.openqa.selenium.remote.RemoteWebDriver.findElementByXPath(RemoteWebDriver.java:424)
at org.openqa.selenium.By$ByXPath.findElement(By.java:353)
at org.openqa.selenium.remote.RemoteWebDriver.findElement(RemoteWebDriver.java:314)
at org.openqa.selenium.support.pagefactory.DefaultElementLocator.findElement(DefaultElementLocator.java:69)
at org.openqa.selenium.support.pagefactory.internal.LocatingElementHandler.invoke(LocatingElementHandler.java:38)
at com.sun.proxy.$Proxy11.click(Unknown Source)
at com.solitoncvs.pageObjects.CreateNewBroadcast.startBroadcast(CreateNewBroadcast.java:41)
at com.solitoncvs.testCases.TC_CVS_OPERATOR_5.shutdownBroadcast(TC_CVS_OPERATOR_5.java:31)
... Removed 29 stack frames]]>
    </failure>
  </testcase> <!-- shutdownBroadcast -->
  <testcase name="createBroadcast" time="16.754" classname="com.solitoncvs.testCases.TC_CVS_OPERATOR_6"/>
  <testcase name="viewFullHistoryOnDashBoardPage" time="11.897" classname="com.solitoncvs.testCases.TC_CVS_OPERATOR_8"/>
  <testcase name="privacyOption" time="13.395" classname="com.solitoncvs.testCases.TC_CVS_OPERATOR_9"/>
  <testcase name="contactUsOption" time="13.337" classname="com.solitoncvs.testCases.TC_CVS_OPERATOR_10"/>
  <testcase name="addLiveInputControl" time="18.718" classname="com.solitoncvs.testCases.TC_CVS_OPERATOR_14"/>
  <testcase name="addLiveOption" time="25.046" classname="com.solitoncvs.testCases.TC_CVS_OPERATOR_15"/>
  <testcase name="AddLiveUrl" time="22.657" classname="com.solitoncvs.testCases.TC_CVS_OPERATOR_17"/>
  <testcase name="previewInputControl" time="22.559" classname="com.solitoncvs.testCases.TC_CVS_OPERATOR_18"/>
  <testcase name="SwitchEffect" time="22.208" classname="com.solitoncvs.testCases.TC_CVS_OPERATOR_21"/>
  <testcase name="FadeEffect" time="22.196" classname="com.solitoncvs.testCases.TC_CVS_OPERATOR_22"/>
  <testcase name="CurtainEffect" time="22.149" classname="com.solitoncvs.testCases.TC_CVS_OPERATOR_23"/>
  <testcase name="deleteAddedInputControl" time="26.034" classname="com.solitoncvs.testCases.TC_CVS_DeleteAddedInputControl_7"/>
  <testcase name="videoInputControlTab" time="20.036" classname="com.solitoncvs.testCases.TC_CVS_OPERATOR_24"/>
  <testcase name="addVideoInputControl" time="36.992" classname="com.solitoncvs.testCases.TC_CVS_OPERATOR_25"/>
  <testcase name="previewUploadedInput" time="20.429" classname="com.solitoncvs.testCases.TC_CVS_OPERATOR_27"/>
  <testcase name="imageInputControl" time="20.352" classname="com.solitoncvs.testCases.TC_CVS_OPERATOR_28"/>
  <testcase name="imageInputControl" time="34.005" classname="com.solitoncvs.testCases.TC_CVS_OPERATOR_29"/>
  <testcase name="previewUploadedImage" time="20.753" classname="com.solitoncvs.testCases.TC_CVS_OPERATOR_31"/>
  <testcase name="audioMixInputControl" time="20.146" classname="com.solitoncvs.testCases.TC_CVS_OPERATOR_32"/>
  <testcase name="mixLive" time="19.952" classname="com.solitoncvs.testCases.TC_CVS_OPERATOR_33"/>
  <testcase name="stopMixingFromInputControl" time="22.021" classname="com.solitoncvs.testCases.TC_CVS_OPERATOR_34"/>
  <testcase name="addAudioFile" time="33.404" classname="com.solitoncvs.testCases.TC_CVS_OPERATOR_36"/>
  <testcase name="previewUploadedAudioFile" time="23.307" classname="com.solitoncvs.testCases.TC_CVS_OPERATOR_37"/>
  <testcase name="playAudioMix" time="29.402" classname="com.solitoncvs.testCases.TC_CVS_OPERATOR_38"/>
  <testcase name="stopMixingwhilePreviewingVideo" time="25.164" classname="com.solitoncvs.testCases.TC_CVS_OPERATOR_40"/>
  <testcase name="textInputControl" time="20.135" classname="com.solitoncvs.testCases.TC_CVS_OPERATOR_42"/>
  <testcase name="addText" time="21.19" classname="com.solitoncvs.testCases.TC_CVS_OPERATOR_43"/>
  <testcase name="addText" time="23.1" classname="com.solitoncvs.testCases.TC_CVS_OPERATOR_45"/>
  <testcase name="removeText" time="20.194" classname="com.solitoncvs.testCases.TC_CVS_OPERATOR_46"/>
  <testcase name="watermarkInputControl" time="21.005" classname="com.solitoncvs.testCases.TC_CVS_OPERATOR_47"/>
  <testcase name="uploadImage" time="39.124" classname="com.solitoncvs.testCases.TC_CVS_OPERATOR_48"/>
  <testcase name="changeWatermarkImage" time="27.775" classname="com.solitoncvs.testCases.TC_CVS_OPERATOR_49"/>
  <testcase name="removeWaterMark" time="20.681" classname="com.solitoncvs.testCases.TC_CVS_OPERATOR_50"/>
  <testcase name="overlayWatermark" time="29.204" classname="com.solitoncvs.testCases.TC_CVS_OPERATOR_52"/>
  <testcase name="removeWaterlay" time="23.382" classname="com.solitoncvs.testCases.TC_CVS_OPERATOR_53"/>
  <testcase name="addLiveWithoutInputControl" time="19.878" classname="com.solitoncvs.testCases.TC_CVS_OPERATOR_55"/>
  <testcase name="outputPreview" time="24.468" classname="com.solitoncvs.testCases.TC_CVS_OPERATOR_56"/>
  <testcase name="switchAnyInputControl" time="20.39" classname="com.solitoncvs.testCases.TC_CVS_OPERATOR_58"/>
  <testcase name="audioMixOutputControl" time="25.197" classname="com.solitoncvs.testCases.TC_CVS_OPERATOR_60"/>
  <testcase name="audioMixRightDrag" time="25.211" classname="com.solitoncvs.testCases.TC_CVS_OPERATOR_61"/>
  <testcase name="audioMixLeftDrag" time="26.402" classname="com.solitoncvs.testCases.TC_CVS_OPERATOR_62"/>
  <testcase name="stopAudioMixing" time="28.108" classname="com.solitoncvs.testCases.TC_CVS_OPERATOR_64"/>
  <testcase name="RTSPStreamControl" time="19.942" classname="com.solitoncvs.testCases.TC_CVS_OPERATOR_66"/>
  <testcase name="copyRTSPOutputUrl" time="20.269" classname="com.solitoncvs.testCases.TC_CVS_OPERATOR_67"/>
  <testcase name="RTMPStreamControl" time="20.225" classname="com.solitoncvs.testCases.TC_CVS_OPERATOR_68"/>
  <testcase name="facebookStreamControl" time="20.171" classname="com.solitoncvs.testCases.TC_CVS_OPERATOR_69"/>
  <testcase name="startFBOutputStreamControl" time="23.252" classname="com.solitoncvs.testCases.TC_CVS_OPERATOR_71"/>
  <testcase name="saveFBOutputStreamControl" time="23.345" classname="com.solitoncvs.testCases.TC_CVS_OPERATOR_73"/>
  <testcase name="youTubeStreamControl" time="20.329" classname="com.solitoncvs.testCases.TC_CVS_OPERATOR_76"/>
  <testcase name="startYoutubeOutPutStreamControl" time="20.331" classname="com.solitoncvs.testCases.TC_CVS_OPERATOR_77"/>
  <testcase name="saveYouTubeOutputStreamControl" time="20.173" classname="com.solitoncvs.testCases.TC_CVS_OPERATOR_79"/>
  <testcase name="endStream" time="20.351" classname="com.solitoncvs.testCases.TC_CVS_OPERATOR_57"/>
  <testcase name="broadcastHistoryDropdown" time="14.88" classname="com.solitoncvs.testCases.TC_CVS_OPERATOR_121"/>
  <testcase name="profileOption" time="13.991" classname="com.solitoncvs.testCases.TC_CVS_OPERATOR_123"/>
  <testcase name="settingsOption" time="17.367" classname="com.solitoncvs.testCases.TC_CVS_OPERATOR_126"/>
  <testcase name="myMediaSettings" time="17.561" classname="com.solitoncvs.testCases.TC_CVS_OPERATOR_129"/>
  <testcase name="deleteUploadedImage" time="30.92" classname="com.solitoncvs.testCases.TC_CVS_OPERATOR_130">
    <failure type="org.openqa.selenium.NoSuchElementException" message="no such element: Unable to locate element: {&amp;quot;method&amp;quot;:&amp;quot;xpath&amp;quot;,&amp;quot;selector&amp;quot;:&amp;quot;//div[28]//button[3][text()=&amp;apos;Delete&amp;apos;]&amp;quot;}
  (Session info: chrome=74.0.3729.131)
  (Driver info: chromedriver=74.0.3729.6 (255758eccf3d244491b8a1317aa76e1ce10d57e9-refs/branch-heads/3729@{#29}),platform=Windows NT 6.1.7601 SP1 x86_64) (WARNING: The server did not provide any stacktrace information)
Command duration or timeout: 0 milliseconds
For documentation on this error, please visit: http://seleniumhq.org/exceptions/no_such_element.html
Build info: version: &amp;apos;3.14.0&amp;apos;, revision: &amp;apos;aacccce0&amp;apos;, time: &amp;apos;2018-08-02T20:19:58.91Z&amp;apos;
System info: host: &amp;apos;SYSTEM1&amp;apos;, ip: &amp;apos;192.168.43.114&amp;apos;, os.name: &amp;apos;Windows 7&amp;apos;, os.arch: &amp;apos;amd64&amp;apos;, os.version: &amp;apos;6.1&amp;apos;, java.version: &amp;apos;1.8.0_25&amp;apos;
Driver info: org.openqa.selenium.chrome.ChromeDriver
Capabilities {acceptInsecureCerts: false, acceptSslCerts: false, applicationCacheEnabled: false, browserConnectionEnabled: false, browserName: chrome, chrome: {chromedriverVersion: 74.0.3729.6 (255758eccf3d24..., userDataDir: C:\Users\Pentacle\AppData\L...}, cssSelectorsEnabled: true, databaseEnabled: false, goog:chromeOptions: {debuggerAddress: localhost:2933}, handlesAlerts: true, hasTouchScreen: false, javascriptEnabled: true, locationContextEnabled: true, mobileEmulationEnabled: false, nativeEvents: true, networkConnectionEnabled: false, pageLoadStrategy: normal, platform: XP, platformName: XP, proxy: Proxy(), rotatable: false, setWindowRect: true, strictFileInteractability: false, takesHeapSnapshot: true, takesScreenshot: true, timeouts: {implicit: 0, pageLoad: 300000, script: 30000}, unexpectedAlertBehaviour: ignore, unhandledPromptBehavior: ignore, version: 74.0.3729.131, webStorageEnabled: true}
Session ID: 33becf756dd83d307bf286479e4deb40
*** Element info: {Using=xpath, value=//div[28]//button[3][text()=&amp;apos;Delete&amp;apos;]}">
      <![CDATA[org.openqa.selenium.NoSuchElementException: no such element: Unable to locate element: {"method":"xpath","selector":"//div[28]//button[3][text()='Delete']"}
  (Session info: chrome=74.0.3729.131)
  (Driver info: chromedriver=74.0.3729.6 (255758eccf3d244491b8a1317aa76e1ce10d57e9-refs/branch-heads/3729@{#29}),platform=Windows NT 6.1.7601 SP1 x86_64) (WARNING: The server did not provide any stacktrace information)
Command duration or timeout: 0 milliseconds
For documentation on this error, please visit: http://seleniumhq.org/exceptions/no_such_element.html
Build info: version: '3.14.0', revision: 'aacccce0', time: '2018-08-02T20:19:58.91Z'
System info: host: 'SYSTEM1', ip: '192.168.43.114', os.name: 'Windows 7', os.arch: 'amd64', os.version: '6.1', java.version: '1.8.0_25'
Driver info: org.openqa.selenium.chrome.ChromeDriver
Capabilities {acceptInsecureCerts: false, acceptSslCerts: false, applicationCacheEnabled: false, browserConnectionEnabled: false, browserName: chrome, chrome: {chromedriverVersion: 74.0.3729.6 (255758eccf3d24..., userDataDir: C:\Users\Pentacle\AppData\L...}, cssSelectorsEnabled: true, databaseEnabled: false, goog:chromeOptions: {debuggerAddress: localhost:2933}, handlesAlerts: true, hasTouchScreen: false, javascriptEnabled: true, locationContextEnabled: true, mobileEmulationEnabled: false, nativeEvents: true, networkConnectionEnabled: false, pageLoadStrategy: normal, platform: XP, platformName: XP, proxy: Proxy(), rotatable: false, setWindowRect: true, strictFileInteractability: false, takesHeapSnapshot: true, takesScreenshot: true, timeouts: {implicit: 0, pageLoad: 300000, script: 30000}, unexpectedAlertBehaviour: ignore, unhandledPromptBehavior: ignore, version: 74.0.3729.131, webStorageEnabled: true}
Session ID: 33becf756dd83d307bf286479e4deb40
*** Element info: {Using=xpath, value=//div[28]//button[3][text()='Delete']}
at org.openqa.selenium.remote.ErrorHandler.createThrowable(ErrorHandler.java:214)
at org.openqa.selenium.remote.ErrorHandler.throwIfResponseFailed(ErrorHandler.java:166)
at org.openqa.selenium.remote.http.JsonHttpResponseCodec.reconstructValue(JsonHttpResponseCodec.java:40)
at org.openqa.selenium.remote.http.AbstractHttpResponseCodec.decode(AbstractHttpResponseCodec.java:80)
at org.openqa.selenium.remote.http.AbstractHttpResponseCodec.decode(AbstractHttpResponseCodec.java:44)
at org.openqa.selenium.remote.HttpCommandExecutor.execute(HttpCommandExecutor.java:158)
at org.openqa.selenium.remote.service.DriverCommandExecutor.execute(DriverCommandExecutor.java:83)
at org.openqa.selenium.remote.RemoteWebDriver.execute(RemoteWebDriver.java:548)
at org.openqa.selenium.remote.RemoteWebDriver.findElement(RemoteWebDriver.java:322)
at org.openqa.selenium.remote.RemoteWebDriver.findElementByXPath(RemoteWebDriver.java:424)
at org.openqa.selenium.By$ByXPath.findElement(By.java:353)
at org.openqa.selenium.remote.RemoteWebDriver.findElement(RemoteWebDriver.java:314)
at org.openqa.selenium.support.pagefactory.DefaultElementLocator.findElement(DefaultElementLocator.java:69)
at org.openqa.selenium.support.pagefactory.internal.LocatingElementHandler.invoke(LocatingElementHandler.java:38)
at com.sun.proxy.$Proxy11.click(Unknown Source)
at com.solitoncvs.pageObjects.UserDropDown.clickDeleteSelectImage(UserDropDown.java:55)
at com.solitoncvs.testCases.TC_CVS_OPERATOR_130.deleteUploadedImage(TC_CVS_OPERATOR_130.java:92)
... Removed 29 stack frames]]>
    </failure>
  </testcase> <!-- deleteUploadedImage -->
  <testcase name="selectAllImage" time="30.882" classname="com.solitoncvs.testCases.TC_CVS_OPERATOR_131">
    <failure type="org.openqa.selenium.NoSuchElementException" message="no such element: Unable to locate element: {&amp;quot;method&amp;quot;:&amp;quot;xpath&amp;quot;,&amp;quot;selector&amp;quot;:&amp;quot;//div[28]//button[1]&amp;quot;}
  (Session info: chrome=74.0.3729.131)
  (Driver info: chromedriver=74.0.3729.6 (255758eccf3d244491b8a1317aa76e1ce10d57e9-refs/branch-heads/3729@{#29}),platform=Windows NT 6.1.7601 SP1 x86_64) (WARNING: The server did not provide any stacktrace information)
Command duration or timeout: 0 milliseconds
For documentation on this error, please visit: http://seleniumhq.org/exceptions/no_such_element.html
Build info: version: &amp;apos;3.14.0&amp;apos;, revision: &amp;apos;aacccce0&amp;apos;, time: &amp;apos;2018-08-02T20:19:58.91Z&amp;apos;
System info: host: &amp;apos;SYSTEM1&amp;apos;, ip: &amp;apos;192.168.43.114&amp;apos;, os.name: &amp;apos;Windows 7&amp;apos;, os.arch: &amp;apos;amd64&amp;apos;, os.version: &amp;apos;6.1&amp;apos;, java.version: &amp;apos;1.8.0_25&amp;apos;
Driver info: org.openqa.selenium.chrome.ChromeDriver
Capabilities {acceptInsecureCerts: false, acceptSslCerts: false, applicationCacheEnabled: false, browserConnectionEnabled: false, browserName: chrome, chrome: {chromedriverVersion: 74.0.3729.6 (255758eccf3d24..., userDataDir: C:\Users\Pentacle\AppData\L...}, cssSelectorsEnabled: true, databaseEnabled: false, goog:chromeOptions: {debuggerAddress: localhost:3011}, handlesAlerts: true, hasTouchScreen: false, javascriptEnabled: true, locationContextEnabled: true, mobileEmulationEnabled: false, nativeEvents: true, networkConnectionEnabled: false, pageLoadStrategy: normal, platform: XP, platformName: XP, proxy: Proxy(), rotatable: false, setWindowRect: true, strictFileInteractability: false, takesHeapSnapshot: true, takesScreenshot: true, timeouts: {implicit: 0, pageLoad: 300000, script: 30000}, unexpectedAlertBehaviour: ignore, unhandledPromptBehavior: ignore, version: 74.0.3729.131, webStorageEnabled: true}
Session ID: cb119c7a5d4b8baa6f8bf8b7eb97efcd
*** Element info: {Using=xpath, value=//div[28]//button[1]}">
      <![CDATA[org.openqa.selenium.NoSuchElementException: no such element: Unable to locate element: {"method":"xpath","selector":"//div[28]//button[1]"}
  (Session info: chrome=74.0.3729.131)
  (Driver info: chromedriver=74.0.3729.6 (255758eccf3d244491b8a1317aa76e1ce10d57e9-refs/branch-heads/3729@{#29}),platform=Windows NT 6.1.7601 SP1 x86_64) (WARNING: The server did not provide any stacktrace information)
Command duration or timeout: 0 milliseconds
For documentation on this error, please visit: http://seleniumhq.org/exceptions/no_such_element.html
Build info: version: '3.14.0', revision: 'aacccce0', time: '2018-08-02T20:19:58.91Z'
System info: host: 'SYSTEM1', ip: '192.168.43.114', os.name: 'Windows 7', os.arch: 'amd64', os.version: '6.1', java.version: '1.8.0_25'
Driver info: org.openqa.selenium.chrome.ChromeDriver
Capabilities {acceptInsecureCerts: false, acceptSslCerts: false, applicationCacheEnabled: false, browserConnectionEnabled: false, browserName: chrome, chrome: {chromedriverVersion: 74.0.3729.6 (255758eccf3d24..., userDataDir: C:\Users\Pentacle\AppData\L...}, cssSelectorsEnabled: true, databaseEnabled: false, goog:chromeOptions: {debuggerAddress: localhost:3011}, handlesAlerts: true, hasTouchScreen: false, javascriptEnabled: true, locationContextEnabled: true, mobileEmulationEnabled: false, nativeEvents: true, networkConnectionEnabled: false, pageLoadStrategy: normal, platform: XP, platformName: XP, proxy: Proxy(), rotatable: false, setWindowRect: true, strictFileInteractability: false, takesHeapSnapshot: true, takesScreenshot: true, timeouts: {implicit: 0, pageLoad: 300000, script: 30000}, unexpectedAlertBehaviour: ignore, unhandledPromptBehavior: ignore, version: 74.0.3729.131, webStorageEnabled: true}
Session ID: cb119c7a5d4b8baa6f8bf8b7eb97efcd
*** Element info: {Using=xpath, value=//div[28]//button[1]}
at org.openqa.selenium.remote.ErrorHandler.createThrowable(ErrorHandler.java:214)
at org.openqa.selenium.remote.ErrorHandler.throwIfResponseFailed(ErrorHandler.java:166)
at org.openqa.selenium.remote.http.JsonHttpResponseCodec.reconstructValue(JsonHttpResponseCodec.java:40)
at org.openqa.selenium.remote.http.AbstractHttpResponseCodec.decode(AbstractHttpResponseCodec.java:80)
at org.openqa.selenium.remote.http.AbstractHttpResponseCodec.decode(AbstractHttpResponseCodec.java:44)
at org.openqa.selenium.remote.HttpCommandExecutor.execute(HttpCommandExecutor.java:158)
at org.openqa.selenium.remote.service.DriverCommandExecutor.execute(DriverCommandExecutor.java:83)
at org.openqa.selenium.remote.RemoteWebDriver.execute(RemoteWebDriver.java:548)
at org.openqa.selenium.remote.RemoteWebDriver.findElement(RemoteWebDriver.java:322)
at org.openqa.selenium.remote.RemoteWebDriver.findElementByXPath(RemoteWebDriver.java:424)
at org.openqa.selenium.By$ByXPath.findElement(By.java:353)
at org.openqa.selenium.remote.RemoteWebDriver.findElement(RemoteWebDriver.java:314)
at org.openqa.selenium.support.pagefactory.DefaultElementLocator.findElement(DefaultElementLocator.java:69)
at org.openqa.selenium.support.pagefactory.internal.LocatingElementHandler.invoke(LocatingElementHandler.java:38)
at com.sun.proxy.$Proxy11.click(Unknown Source)
at com.solitoncvs.pageObjects.UserDropDown.clickSelectAllImage(UserDropDown.java:60)
at com.solitoncvs.testCases.TC_CVS_OPERATOR_131.selectAllImage(TC_CVS_OPERATOR_131.java:79)
... Removed 29 stack frames]]>
    </failure>
  </testcase> <!-- selectAllImage -->
  <testcase name="privacyOption" time="13.359" classname="com.solitoncvs.testCases.TC_CVS_OPERATOR_134"/>
  <testcase name="ContactUsOption" time="13.281" classname="com.solitoncvs.testCases.TC_CVS_OPERATOR_135"/>
</testsuite> <!-- CVSWeb test -->
