<?xml version="1.0" encoding="UTF-8"?>
<testng-results skipped="0" failed="4" ignored="0" total="63" passed="59">
  <reporter-output>
  </reporter-output>
  <suite name="Soliton_CVS_V1" duration-ms="1770844" started-at="2019-05-12T16:52:46Z" finished-at="2019-05-12T17:22:17Z">
    <groups>
    </groups>
    <test name="CVSWeb test" duration-ms="1770844" started-at="2019-05-12T16:52:46Z" finished-at="2019-05-12T17:22:17Z">
      <class name="com.solitoncvs.testCases.TC_CVS_OPERATOR_5">
        <test-method status="PASS" signature="setup(java.lang.String)[pri:0, instance:com.solitoncvs.testCases.TC_CVS_OPERATOR_5@1f28c152]" name="setup" is-config="true" duration-ms="4880" started-at="2019-05-12T16:53:30Z" finished-at="2019-05-12T16:53:35Z">
          <params>
            <param index="0">
              <value>
                <![CDATA[chrome]]>
              </value>
            </param>
          </params>
          <reporter-output>
          </reporter-output>
        </test-method> <!-- setup -->
        <test-method status="FAIL" signature="shutdownBroadcast()[pri:0, instance:com.solitoncvs.testCases.TC_CVS_OPERATOR_5@1f28c152]" name="shutdownBroadcast" duration-ms="17327" started-at="2019-05-12T16:53:35Z" finished-at="2019-05-12T16:53:53Z">
          <exception class="org.openqa.selenium.NoSuchElementException">
            <message>
              <![CDATA[no such element: Unable to locate element: {"method":"xpath","selector":"//button[text()='Start']"}
  (Session info: chrome=74.0.3729.131)
  (Driver info: chromedriver=74.0.3729.6 (255758eccf3d244491b8a1317aa76e1ce10d57e9-refs/branch-heads/3729@{#29}),platform=Windows NT 6.1.7601 SP1 x86_64) (WARNING: The server did not provide any stacktrace information)
Command duration or timeout: 0 milliseconds
For documentation on this error, please visit: http://seleniumhq.org/exceptions/no_such_element.html
Build info: version: '3.14.0', revision: 'aacccce0', time: '2018-08-02T20:19:58.91Z'
System info: host: 'SYSTEM1', ip: '192.168.43.114', os.name: 'Windows 7', os.arch: 'amd64', os.version: '6.1', java.version: '1.8.0_25'
Driver info: org.openqa.selenium.chrome.ChromeDriver
Capabilities {acceptInsecureCerts: false, acceptSslCerts: false, applicationCacheEnabled: false, browserConnectionEnabled: false, browserName: chrome, chrome: {chromedriverVersion: 74.0.3729.6 (255758eccf3d24..., userDataDir: C:\Users\Pentacle\AppData\L...}, cssSelectorsEnabled: true, databaseEnabled: false, goog:chromeOptions: {debuggerAddress: localhost:63548}, handlesAlerts: true, hasTouchScreen: false, javascriptEnabled: true, locationContextEnabled: true, mobileEmulationEnabled: false, nativeEvents: true, networkConnectionEnabled: false, pageLoadStrategy: normal, platform: XP, platformName: XP, proxy: Proxy(), rotatable: false, setWindowRect: true, strictFileInteractability: false, takesHeapSnapshot: true, takesScreenshot: true, timeouts: {implicit: 0, pageLoad: 300000, script: 30000}, unexpectedAlertBehaviour: ignore, unhandledPromptBehavior: ignore, version: 74.0.3729.131, webStorageEnabled: true}
Session ID: bd4f5ae0c426a335b1d620e5d4c85446
*** Element info: {Using=xpath, value=//button[text()='Start']}]]>
            </message>
            <full-stacktrace>
              <![CDATA[org.openqa.selenium.NoSuchElementException: no such element: Unable to locate element: {"method":"xpath","selector":"//button[text()='Start']"}
  (Session info: chrome=74.0.3729.131)
  (Driver info: chromedriver=74.0.3729.6 (255758eccf3d244491b8a1317aa76e1ce10d57e9-refs/branch-heads/3729@{#29}),platform=Windows NT 6.1.7601 SP1 x86_64) (WARNING: The server did not provide any stacktrace information)
Command duration or timeout: 0 milliseconds
For documentation on this error, please visit: http://seleniumhq.org/exceptions/no_such_element.html
Build info: version: '3.14.0', revision: 'aacccce0', time: '2018-08-02T20:19:58.91Z'
System info: host: 'SYSTEM1', ip: '192.168.43.114', os.name: 'Windows 7', os.arch: 'amd64', os.version: '6.1', java.version: '1.8.0_25'
Driver info: org.openqa.selenium.chrome.ChromeDriver
Capabilities {acceptInsecureCerts: false, acceptSslCerts: false, applicationCacheEnabled: false, browserConnectionEnabled: false, browserName: chrome, chrome: {chromedriverVersion: 74.0.3729.6 (255758eccf3d24..., userDataDir: C:\Users\Pentacle\AppData\L...}, cssSelectorsEnabled: true, databaseEnabled: false, goog:chromeOptions: {debuggerAddress: localhost:63548}, handlesAlerts: true, hasTouchScreen: false, javascriptEnabled: true, locationContextEnabled: true, mobileEmulationEnabled: false, nativeEvents: true, networkConnectionEnabled: false, pageLoadStrategy: normal, platform: XP, platformName: XP, proxy: Proxy(), rotatable: false, setWindowRect: true, strictFileInteractability: false, takesHeapSnapshot: true, takesScreenshot: true, timeouts: {implicit: 0, pageLoad: 300000, script: 30000}, unexpectedAlertBehaviour: ignore, unhandledPromptBehavior: ignore, version: 74.0.3729.131, webStorageEnabled: true}
Session ID: bd4f5ae0c426a335b1d620e5d4c85446
*** Element info: {Using=xpath, value=//button[text()='Start']}
at sun.reflect.NativeConstructorAccessorImpl.newInstance0(Native Method)
at sun.reflect.NativeConstructorAccessorImpl.newInstance(NativeConstructorAccessorImpl.java:62)
at sun.reflect.DelegatingConstructorAccessorImpl.newInstance(DelegatingConstructorAccessorImpl.java:45)
at java.lang.reflect.Constructor.newInstance(Constructor.java:408)
at org.openqa.selenium.remote.ErrorHandler.createThrowable(ErrorHandler.java:214)
at org.openqa.selenium.remote.ErrorHandler.throwIfResponseFailed(ErrorHandler.java:166)
at org.openqa.selenium.remote.http.JsonHttpResponseCodec.reconstructValue(JsonHttpResponseCodec.java:40)
at org.openqa.selenium.remote.http.AbstractHttpResponseCodec.decode(AbstractHttpResponseCodec.java:80)
at org.openqa.selenium.remote.http.AbstractHttpResponseCodec.decode(AbstractHttpResponseCodec.java:44)
at org.openqa.selenium.remote.HttpCommandExecutor.execute(HttpCommandExecutor.java:158)
at org.openqa.selenium.remote.service.DriverCommandExecutor.execute(DriverCommandExecutor.java:83)
at org.openqa.selenium.remote.RemoteWebDriver.execute(RemoteWebDriver.java:548)
at org.openqa.selenium.remote.RemoteWebDriver.findElement(RemoteWebDriver.java:322)
at org.openqa.selenium.remote.RemoteWebDriver.findElementByXPath(RemoteWebDriver.java:424)
at org.openqa.selenium.By$ByXPath.findElement(By.java:353)
at org.openqa.selenium.remote.RemoteWebDriver.findElement(RemoteWebDriver.java:314)
at org.openqa.selenium.support.pagefactory.DefaultElementLocator.findElement(DefaultElementLocator.java:69)
at org.openqa.selenium.support.pagefactory.internal.LocatingElementHandler.invoke(LocatingElementHandler.java:38)
at com.sun.proxy.$Proxy11.click(Unknown Source)
at com.solitoncvs.pageObjects.CreateNewBroadcast.startBroadcast(CreateNewBroadcast.java:41)
at com.solitoncvs.testCases.TC_CVS_OPERATOR_5.shutdownBroadcast(TC_CVS_OPERATOR_5.java:31)
at sun.reflect.NativeMethodAccessorImpl.invoke0(Native Method)
at sun.reflect.NativeMethodAccessorImpl.invoke(NativeMethodAccessorImpl.java:62)
at sun.reflect.DelegatingMethodAccessorImpl.invoke(DelegatingMethodAccessorImpl.java:43)
at java.lang.reflect.Method.invoke(Method.java:483)
at org.testng.internal.MethodInvocationHelper.invokeMethod(MethodInvocationHelper.java:124)
at org.testng.internal.Invoker.invokeMethod(Invoker.java:583)
at org.testng.internal.Invoker.invokeTestMethod(Invoker.java:719)
at org.testng.internal.Invoker.invokeTestMethods(Invoker.java:989)
at org.testng.internal.TestMethodWorker.invokeTestMethods(TestMethodWorker.java:125)
at org.testng.internal.TestMethodWorker.run(TestMethodWorker.java:109)
at org.testng.TestRunner.privateRun(TestRunner.java:648)
at org.testng.TestRunner.run(TestRunner.java:505)
at org.testng.SuiteRunner.runTest(SuiteRunner.java:455)
at org.testng.SuiteRunner.runSequentially(SuiteRunner.java:450)
at org.testng.SuiteRunner.privateRun(SuiteRunner.java:415)
at org.testng.SuiteRunner.run(SuiteRunner.java:364)
at org.testng.SuiteRunnerWorker.runSuite(SuiteRunnerWorker.java:52)
at org.testng.SuiteRunnerWorker.run(SuiteRunnerWorker.java:84)
at org.testng.TestNG.runSuitesSequentially(TestNG.java:1208)
at org.testng.TestNG.runSuitesLocally(TestNG.java:1137)
at org.testng.TestNG.runSuites(TestNG.java:1049)
at org.testng.TestNG.run(TestNG.java:1017)
at org.testng.remote.AbstractRemoteTestNG.run(AbstractRemoteTestNG.java:114)
at org.testng.remote.RemoteTestNG.initAndRun(RemoteTestNG.java:251)
at org.testng.remote.RemoteTestNG.main(RemoteTestNG.java:77)
]]>
            </full-stacktrace>
          </exception> <!-- org.openqa.selenium.NoSuchElementException -->
          <reporter-output>
          </reporter-output>
        </test-method> <!-- shutdownBroadcast -->
        <test-method status="PASS" signature="tearDown()[pri:0, instance:com.solitoncvs.testCases.TC_CVS_OPERATOR_5@1f28c152]" name="tearDown" is-config="true" duration-ms="727" started-at="2019-05-12T16:53:53Z" finished-at="2019-05-12T16:53:53Z">
          <reporter-output>
          </reporter-output>
        </test-method> <!-- tearDown -->
      </class> <!-- com.solitoncvs.testCases.TC_CVS_OPERATOR_5 -->
      <class name="com.solitoncvs.testCases.TC_CVS_OPERATOR_46">
        <test-method status="PASS" signature="setup(java.lang.String)[pri:0, instance:com.solitoncvs.testCases.TC_CVS_OPERATOR_46@578486a3]" name="setup" is-config="true" duration-ms="5014" started-at="2019-05-12T17:07:10Z" finished-at="2019-05-12T17:07:15Z">
          <params>
            <param index="0">
              <value>
                <![CDATA[chrome]]>
              </value>
            </param>
          </params>
          <reporter-output>
          </reporter-output>
        </test-method> <!-- setup -->
        <test-method status="PASS" signature="removeText()[pri:0, instance:com.solitoncvs.testCases.TC_CVS_OPERATOR_46@578486a3]" name="removeText" duration-ms="20194" started-at="2019-05-12T17:07:15Z" finished-at="2019-05-12T17:07:35Z">
          <reporter-output>
          </reporter-output>
        </test-method> <!-- removeText -->
        <test-method status="PASS" signature="tearDown()[pri:0, instance:com.solitoncvs.testCases.TC_CVS_OPERATOR_46@578486a3]" name="tearDown" is-config="true" duration-ms="703" started-at="2019-05-12T17:07:35Z" finished-at="2019-05-12T17:07:36Z">
          <reporter-output>
          </reporter-output>
        </test-method> <!-- tearDown -->
      </class> <!-- com.solitoncvs.testCases.TC_CVS_OPERATOR_46 -->
      <class name="com.solitoncvs.testCases.TC_CVS_OPERATOR_4">
        <test-method status="PASS" signature="setup(java.lang.String)[pri:0, instance:com.solitoncvs.testCases.TC_CVS_OPERATOR_4@369f73a2]" name="setup" is-config="true" duration-ms="5652" started-at="2019-05-12T16:53:07Z" finished-at="2019-05-12T16:53:13Z">
          <params>
            <param index="0">
              <value>
                <![CDATA[chrome]]>
              </value>
            </param>
          </params>
          <reporter-output>
          </reporter-output>
        </test-method> <!-- setup -->
        <test-method status="FAIL" signature="startBroadcast()[pri:0, instance:com.solitoncvs.testCases.TC_CVS_OPERATOR_4@369f73a2]" name="startBroadcast" duration-ms="17022" started-at="2019-05-12T16:53:13Z" finished-at="2019-05-12T16:53:30Z">
          <exception class="org.openqa.selenium.NoSuchElementException">
            <message>
              <![CDATA[no such element: Unable to locate element: {"method":"id","selector":"title"}
  (Session info: chrome=74.0.3729.131)
  (Driver info: chromedriver=74.0.3729.6 (255758eccf3d244491b8a1317aa76e1ce10d57e9-refs/branch-heads/3729@{#29}),platform=Windows NT 6.1.7601 SP1 x86_64) (WARNING: The server did not provide any stacktrace information)
Command duration or timeout: 0 milliseconds
For documentation on this error, please visit: http://seleniumhq.org/exceptions/no_such_element.html
Build info: version: '3.14.0', revision: 'aacccce0', time: '2018-08-02T20:19:58.91Z'
System info: host: 'SYSTEM1', ip: '192.168.43.114', os.name: 'Windows 7', os.arch: 'amd64', os.version: '6.1', java.version: '1.8.0_25'
Driver info: org.openqa.selenium.chrome.ChromeDriver
Capabilities {acceptInsecureCerts: false, acceptSslCerts: false, applicationCacheEnabled: false, browserConnectionEnabled: false, browserName: chrome, chrome: {chromedriverVersion: 74.0.3729.6 (255758eccf3d24..., userDataDir: C:\Users\Pentacle\AppData\L...}, cssSelectorsEnabled: true, databaseEnabled: false, goog:chromeOptions: {debuggerAddress: localhost:63500}, handlesAlerts: true, hasTouchScreen: false, javascriptEnabled: true, locationContextEnabled: true, mobileEmulationEnabled: false, nativeEvents: true, networkConnectionEnabled: false, pageLoadStrategy: normal, platform: XP, platformName: XP, proxy: Proxy(), rotatable: false, setWindowRect: true, strictFileInteractability: false, takesHeapSnapshot: true, takesScreenshot: true, timeouts: {implicit: 0, pageLoad: 300000, script: 30000}, unexpectedAlertBehaviour: ignore, unhandledPromptBehavior: ignore, version: 74.0.3729.131, webStorageEnabled: true}
Session ID: 648dc9dcec53d79cf78ca70a4bcbbf7f
*** Element info: {Using=id, value=title}]]>
            </message>
            <full-stacktrace>
              <![CDATA[org.openqa.selenium.NoSuchElementException: no such element: Unable to locate element: {"method":"id","selector":"title"}
  (Session info: chrome=74.0.3729.131)
  (Driver info: chromedriver=74.0.3729.6 (255758eccf3d244491b8a1317aa76e1ce10d57e9-refs/branch-heads/3729@{#29}),platform=Windows NT 6.1.7601 SP1 x86_64) (WARNING: The server did not provide any stacktrace information)
Command duration or timeout: 0 milliseconds
For documentation on this error, please visit: http://seleniumhq.org/exceptions/no_such_element.html
Build info: version: '3.14.0', revision: 'aacccce0', time: '2018-08-02T20:19:58.91Z'
System info: host: 'SYSTEM1', ip: '192.168.43.114', os.name: 'Windows 7', os.arch: 'amd64', os.version: '6.1', java.version: '1.8.0_25'
Driver info: org.openqa.selenium.chrome.ChromeDriver
Capabilities {acceptInsecureCerts: false, acceptSslCerts: false, applicationCacheEnabled: false, browserConnectionEnabled: false, browserName: chrome, chrome: {chromedriverVersion: 74.0.3729.6 (255758eccf3d24..., userDataDir: C:\Users\Pentacle\AppData\L...}, cssSelectorsEnabled: true, databaseEnabled: false, goog:chromeOptions: {debuggerAddress: localhost:63500}, handlesAlerts: true, hasTouchScreen: false, javascriptEnabled: true, locationContextEnabled: true, mobileEmulationEnabled: false, nativeEvents: true, networkConnectionEnabled: false, pageLoadStrategy: normal, platform: XP, platformName: XP, proxy: Proxy(), rotatable: false, setWindowRect: true, strictFileInteractability: false, takesHeapSnapshot: true, takesScreenshot: true, timeouts: {implicit: 0, pageLoad: 300000, script: 30000}, unexpectedAlertBehaviour: ignore, unhandledPromptBehavior: ignore, version: 74.0.3729.131, webStorageEnabled: true}
Session ID: 648dc9dcec53d79cf78ca70a4bcbbf7f
*** Element info: {Using=id, value=title}
at sun.reflect.NativeConstructorAccessorImpl.newInstance0(Native Method)
at sun.reflect.NativeConstructorAccessorImpl.newInstance(NativeConstructorAccessorImpl.java:62)
at sun.reflect.DelegatingConstructorAccessorImpl.newInstance(DelegatingConstructorAccessorImpl.java:45)
at java.lang.reflect.Constructor.newInstance(Constructor.java:408)
at org.openqa.selenium.remote.ErrorHandler.createThrowable(ErrorHandler.java:214)
at org.openqa.selenium.remote.ErrorHandler.throwIfResponseFailed(ErrorHandler.java:166)
at org.openqa.selenium.remote.http.JsonHttpResponseCodec.reconstructValue(JsonHttpResponseCodec.java:40)
at org.openqa.selenium.remote.http.AbstractHttpResponseCodec.decode(AbstractHttpResponseCodec.java:80)
at org.openqa.selenium.remote.http.AbstractHttpResponseCodec.decode(AbstractHttpResponseCodec.java:44)
at org.openqa.selenium.remote.HttpCommandExecutor.execute(HttpCommandExecutor.java:158)
at org.openqa.selenium.remote.service.DriverCommandExecutor.execute(DriverCommandExecutor.java:83)
at org.openqa.selenium.remote.RemoteWebDriver.execute(RemoteWebDriver.java:548)
at org.openqa.selenium.remote.RemoteWebDriver.findElement(RemoteWebDriver.java:322)
at org.openqa.selenium.remote.RemoteWebDriver.findElementById(RemoteWebDriver.java:368)
at org.openqa.selenium.By$ById.findElement(By.java:188)
at org.openqa.selenium.remote.RemoteWebDriver.findElement(RemoteWebDriver.java:314)
at org.openqa.selenium.support.pagefactory.DefaultElementLocator.findElement(DefaultElementLocator.java:69)
at org.openqa.selenium.support.pagefactory.internal.LocatingElementHandler.invoke(LocatingElementHandler.java:38)
at com.sun.proxy.$Proxy11.sendKeys(Unknown Source)
at com.solitoncvs.pageObjects.CreateNewBroadcast.broadcasteName(CreateNewBroadcast.java:36)
at com.solitoncvs.testCases.TC_CVS_OPERATOR_4.startBroadcast(TC_CVS_OPERATOR_4.java:29)
at sun.reflect.NativeMethodAccessorImpl.invoke0(Native Method)
at sun.reflect.NativeMethodAccessorImpl.invoke(NativeMethodAccessorImpl.java:62)
at sun.reflect.DelegatingMethodAccessorImpl.invoke(DelegatingMethodAccessorImpl.java:43)
at java.lang.reflect.Method.invoke(Method.java:483)
at org.testng.internal.MethodInvocationHelper.invokeMethod(MethodInvocationHelper.java:124)
at org.testng.internal.Invoker.invokeMethod(Invoker.java:583)
at org.testng.internal.Invoker.invokeTestMethod(Invoker.java:719)
at org.testng.internal.Invoker.invokeTestMethods(Invoker.java:989)
at org.testng.internal.TestMethodWorker.invokeTestMethods(TestMethodWorker.java:125)
at org.testng.internal.TestMethodWorker.run(TestMethodWorker.java:109)
at org.testng.TestRunner.privateRun(TestRunner.java:648)
at org.testng.TestRunner.run(TestRunner.java:505)
at org.testng.SuiteRunner.runTest(SuiteRunner.java:455)
at org.testng.SuiteRunner.runSequentially(SuiteRunner.java:450)
at org.testng.SuiteRunner.privateRun(SuiteRunner.java:415)
at org.testng.SuiteRunner.run(SuiteRunner.java:364)
at org.testng.SuiteRunnerWorker.runSuite(SuiteRunnerWorker.java:52)
at org.testng.SuiteRunnerWorker.run(SuiteRunnerWorker.java:84)
at org.testng.TestNG.runSuitesSequentially(TestNG.java:1208)
at org.testng.TestNG.runSuitesLocally(TestNG.java:1137)
at org.testng.TestNG.runSuites(TestNG.java:1049)
at org.testng.TestNG.run(TestNG.java:1017)
at org.testng.remote.AbstractRemoteTestNG.run(AbstractRemoteTestNG.java:114)
at org.testng.remote.RemoteTestNG.initAndRun(RemoteTestNG.java:251)
at org.testng.remote.RemoteTestNG.main(RemoteTestNG.java:77)
]]>
            </full-stacktrace>
          </exception> <!-- org.openqa.selenium.NoSuchElementException -->
          <reporter-output>
          </reporter-output>
        </test-method> <!-- startBroadcast -->
        <test-method status="PASS" signature="tearDown()[pri:0, instance:com.solitoncvs.testCases.TC_CVS_OPERATOR_4@369f73a2]" name="tearDown" is-config="true" duration-ms="724" started-at="2019-05-12T16:53:30Z" finished-at="2019-05-12T16:53:30Z">
          <reporter-output>
          </reporter-output>
        </test-method> <!-- tearDown -->
      </class> <!-- com.solitoncvs.testCases.TC_CVS_OPERATOR_4 -->
      <class name="com.solitoncvs.testCases.TC_CVS_OPERATOR_47">
        <test-method status="PASS" signature="setup(java.lang.String)[pri:0, instance:com.solitoncvs.testCases.TC_CVS_OPERATOR_47@551aa95a]" name="setup" is-config="true" duration-ms="6888" started-at="2019-05-12T17:07:36Z" finished-at="2019-05-12T17:07:43Z">
          <params>
            <param index="0">
              <value>
                <![CDATA[chrome]]>
              </value>
            </param>
          </params>
          <reporter-output>
          </reporter-output>
        </test-method> <!-- setup -->
        <test-method status="PASS" signature="watermarkInputControl()[pri:0, instance:com.solitoncvs.testCases.TC_CVS_OPERATOR_47@551aa95a]" name="watermarkInputControl" duration-ms="21005" started-at="2019-05-12T17:07:43Z" finished-at="2019-05-12T17:08:04Z">
          <reporter-output>
          </reporter-output>
        </test-method> <!-- watermarkInputControl -->
        <test-method status="PASS" signature="tearDown()[pri:0, instance:com.solitoncvs.testCases.TC_CVS_OPERATOR_47@551aa95a]" name="tearDown" is-config="true" duration-ms="735" started-at="2019-05-12T17:08:04Z" finished-at="2019-05-12T17:08:05Z">
          <reporter-output>
          </reporter-output>
        </test-method> <!-- tearDown -->
      </class> <!-- com.solitoncvs.testCases.TC_CVS_OPERATOR_47 -->
      <class name="com.solitoncvs.testCases.TC_CVS_OPERATOR_6">
        <test-method status="PASS" signature="setup(java.lang.String)[pri:0, instance:com.solitoncvs.testCases.TC_CVS_OPERATOR_6@7d907bac]" name="setup" is-config="true" duration-ms="5376" started-at="2019-05-12T16:53:53Z" finished-at="2019-05-12T16:53:59Z">
          <params>
            <param index="0">
              <value>
                <![CDATA[chrome]]>
              </value>
            </param>
          </params>
          <reporter-output>
          </reporter-output>
        </test-method> <!-- setup -->
        <test-method status="PASS" signature="createBroadcast()[pri:0, instance:com.solitoncvs.testCases.TC_CVS_OPERATOR_6@7d907bac]" name="createBroadcast" duration-ms="16754" started-at="2019-05-12T16:53:59Z" finished-at="2019-05-12T16:54:15Z">
          <reporter-output>
          </reporter-output>
        </test-method> <!-- createBroadcast -->
        <test-method status="PASS" signature="tearDown()[pri:0, instance:com.solitoncvs.testCases.TC_CVS_OPERATOR_6@7d907bac]" name="tearDown" is-config="true" duration-ms="711" started-at="2019-05-12T16:54:15Z" finished-at="2019-05-12T16:54:16Z">
          <reporter-output>
          </reporter-output>
        </test-method> <!-- tearDown -->
      </class> <!-- com.solitoncvs.testCases.TC_CVS_OPERATOR_6 -->
      <class name="com.solitoncvs.testCases.TC_CVS_OPERATOR_45">
        <test-method status="PASS" signature="setup(java.lang.String)[pri:0, instance:com.solitoncvs.testCases.TC_CVS_OPERATOR_45@1f36e637]" name="setup" is-config="true" duration-ms="5299" started-at="2019-05-12T17:06:41Z" finished-at="2019-05-12T17:06:46Z">
          <params>
            <param index="0">
              <value>
                <![CDATA[chrome]]>
              </value>
            </param>
          </params>
          <reporter-output>
          </reporter-output>
        </test-method> <!-- setup -->
        <test-method status="PASS" signature="addText()[pri:0, instance:com.solitoncvs.testCases.TC_CVS_OPERATOR_45@1f36e637]" name="addText" duration-ms="23100" started-at="2019-05-12T17:06:46Z" finished-at="2019-05-12T17:07:10Z">
          <reporter-output>
          </reporter-output>
        </test-method> <!-- addText -->
        <test-method status="PASS" signature="tearDown()[pri:0, instance:com.solitoncvs.testCases.TC_CVS_OPERATOR_45@1f36e637]" name="tearDown" is-config="true" duration-ms="765" started-at="2019-05-12T17:07:10Z" finished-at="2019-05-12T17:07:10Z">
          <reporter-output>
          </reporter-output>
        </test-method> <!-- tearDown -->
      </class> <!-- com.solitoncvs.testCases.TC_CVS_OPERATOR_45 -->
      <class name="com.solitoncvs.testCases.TC_CVS_OPERATOR_42">
        <test-method status="PASS" signature="setup(java.lang.String)[pri:0, instance:com.solitoncvs.testCases.TC_CVS_OPERATOR_42@2b552920]" name="setup" is-config="true" duration-ms="5504" started-at="2019-05-12T17:05:47Z" finished-at="2019-05-12T17:05:53Z">
          <params>
            <param index="0">
              <value>
                <![CDATA[chrome]]>
              </value>
            </param>
          </params>
          <reporter-output>
          </reporter-output>
        </test-method> <!-- setup -->
        <test-method status="PASS" signature="textInputControl()[pri:0, instance:com.solitoncvs.testCases.TC_CVS_OPERATOR_42@2b552920]" name="textInputControl" duration-ms="20135" started-at="2019-05-12T17:05:53Z" finished-at="2019-05-12T17:06:13Z">
          <reporter-output>
          </reporter-output>
        </test-method> <!-- textInputControl -->
        <test-method status="PASS" signature="tearDown()[pri:0, instance:com.solitoncvs.testCases.TC_CVS_OPERATOR_42@2b552920]" name="tearDown" is-config="true" duration-ms="746" started-at="2019-05-12T17:06:13Z" finished-at="2019-05-12T17:06:14Z">
          <reporter-output>
          </reporter-output>
        </test-method> <!-- tearDown -->
      </class> <!-- com.solitoncvs.testCases.TC_CVS_OPERATOR_42 -->
      <class name="com.solitoncvs.testCases.TC_CVS_OPERATOR_9">
        <test-method status="PASS" signature="setup(java.lang.String)[pri:0, instance:com.solitoncvs.testCases.TC_CVS_OPERATOR_9@3a5ed7a6]" name="setup" is-config="true" duration-ms="5583" started-at="2019-05-12T16:54:34Z" finished-at="2019-05-12T16:54:39Z">
          <params>
            <param index="0">
              <value>
                <![CDATA[chrome]]>
              </value>
            </param>
          </params>
          <reporter-output>
          </reporter-output>
        </test-method> <!-- setup -->
        <test-method status="PASS" signature="privacyOption()[pri:0, instance:com.solitoncvs.testCases.TC_CVS_OPERATOR_9@3a5ed7a6]" name="privacyOption" duration-ms="13395" started-at="2019-05-12T16:54:39Z" finished-at="2019-05-12T16:54:53Z">
          <reporter-output>
          </reporter-output>
        </test-method> <!-- privacyOption -->
        <test-method status="PASS" signature="tearDown()[pri:0, instance:com.solitoncvs.testCases.TC_CVS_OPERATOR_9@3a5ed7a6]" name="tearDown" is-config="true" duration-ms="710" started-at="2019-05-12T16:54:53Z" finished-at="2019-05-12T16:54:53Z">
          <reporter-output>
          </reporter-output>
        </test-method> <!-- tearDown -->
      </class> <!-- com.solitoncvs.testCases.TC_CVS_OPERATOR_9 -->
      <class name="com.solitoncvs.testCases.TC_CVS_OPERATOR_8">
        <test-method status="PASS" signature="setup(java.lang.String)[pri:0, instance:com.solitoncvs.testCases.TC_CVS_OPERATOR_8@7791a895]" name="setup" is-config="true" duration-ms="4840" started-at="2019-05-12T16:54:16Z" finished-at="2019-05-12T16:54:21Z">
          <params>
            <param index="0">
              <value>
                <![CDATA[chrome]]>
              </value>
            </param>
          </params>
          <reporter-output>
          </reporter-output>
        </test-method> <!-- setup -->
        <test-method status="PASS" signature="viewFullHistoryOnDashBoardPage()[pri:0, instance:com.solitoncvs.testCases.TC_CVS_OPERATOR_8@7791a895]" name="viewFullHistoryOnDashBoardPage" duration-ms="11897" started-at="2019-05-12T16:54:21Z" finished-at="2019-05-12T16:54:33Z">
          <reporter-output>
          </reporter-output>
        </test-method> <!-- viewFullHistoryOnDashBoardPage -->
        <test-method status="PASS" signature="tearDown()[pri:0, instance:com.solitoncvs.testCases.TC_CVS_OPERATOR_8@7791a895]" name="tearDown" is-config="true" duration-ms="724" started-at="2019-05-12T16:54:33Z" finished-at="2019-05-12T16:54:34Z">
          <reporter-output>
          </reporter-output>
        </test-method> <!-- tearDown -->
      </class> <!-- com.solitoncvs.testCases.TC_CVS_OPERATOR_8 -->
      <class name="com.solitoncvs.testCases.TC_CVS_OPERATOR_43">
        <test-method status="PASS" signature="setup(java.lang.String)[pri:0, instance:com.solitoncvs.testCases.TC_CVS_OPERATOR_43@2758fe70]" name="setup" is-config="true" duration-ms="5546" started-at="2019-05-12T17:06:14Z" finished-at="2019-05-12T17:06:19Z">
          <params>
            <param index="0">
              <value>
                <![CDATA[chrome]]>
              </value>
            </param>
          </params>
          <reporter-output>
          </reporter-output>
        </test-method> <!-- setup -->
        <test-method status="PASS" signature="addText()[pri:0, instance:com.solitoncvs.testCases.TC_CVS_OPERATOR_43@2758fe70]" name="addText" duration-ms="21190" started-at="2019-05-12T17:06:19Z" finished-at="2019-05-12T17:06:40Z">
          <reporter-output>
          </reporter-output>
        </test-method> <!-- addText -->
        <test-method status="PASS" signature="tearDown()[pri:0, instance:com.solitoncvs.testCases.TC_CVS_OPERATOR_43@2758fe70]" name="tearDown" is-config="true" duration-ms="719" started-at="2019-05-12T17:06:40Z" finished-at="2019-05-12T17:06:41Z">
          <reporter-output>
          </reporter-output>
        </test-method> <!-- tearDown -->
      </class> <!-- com.solitoncvs.testCases.TC_CVS_OPERATOR_43 -->
      <class name="com.solitoncvs.testCases.TC_CVS_OPERATOR_40">
        <test-method status="PASS" signature="setup(java.lang.String)[pri:0, instance:com.solitoncvs.testCases.TC_CVS_OPERATOR_40@627551fb]" name="setup" is-config="true" duration-ms="4988" started-at="2019-05-12T17:05:16Z" finished-at="2019-05-12T17:05:21Z">
          <params>
            <param index="0">
              <value>
                <![CDATA[chrome]]>
              </value>
            </param>
          </params>
          <reporter-output>
          </reporter-output>
        </test-method> <!-- setup -->
        <test-method status="PASS" signature="stopMixingwhilePreviewingVideo()[pri:0, instance:com.solitoncvs.testCases.TC_CVS_OPERATOR_40@627551fb]" name="stopMixingwhilePreviewingVideo" duration-ms="25164" started-at="2019-05-12T17:05:21Z" finished-at="2019-05-12T17:05:47Z">
          <reporter-output>
          </reporter-output>
        </test-method> <!-- stopMixingwhilePreviewingVideo -->
        <test-method status="PASS" signature="tearDown()[pri:0, instance:com.solitoncvs.testCases.TC_CVS_OPERATOR_40@627551fb]" name="tearDown" is-config="true" duration-ms="717" started-at="2019-05-12T17:05:47Z" finished-at="2019-05-12T17:05:47Z">
          <reporter-output>
          </reporter-output>
        </test-method> <!-- tearDown -->
      </class> <!-- com.solitoncvs.testCases.TC_CVS_OPERATOR_40 -->
      <class name="com.solitoncvs.testCases.TC_CVS_OPERATOR_135">
        <test-method status="PASS" signature="setup(java.lang.String)[pri:0, instance:com.solitoncvs.testCases.TC_CVS_OPERATOR_135@5a8806ef]" name="setup" is-config="true" duration-ms="5079" started-at="2019-05-12T17:21:58Z" finished-at="2019-05-12T17:22:03Z">
          <params>
            <param index="0">
              <value>
                <![CDATA[chrome]]>
              </value>
            </param>
          </params>
          <reporter-output>
          </reporter-output>
        </test-method> <!-- setup -->
        <test-method status="PASS" signature="ContactUsOption()[pri:0, instance:com.solitoncvs.testCases.TC_CVS_OPERATOR_135@5a8806ef]" name="ContactUsOption" duration-ms="13281" started-at="2019-05-12T17:22:03Z" finished-at="2019-05-12T17:22:16Z">
          <reporter-output>
          </reporter-output>
        </test-method> <!-- ContactUsOption -->
        <test-method status="PASS" signature="tearDown()[pri:0, instance:com.solitoncvs.testCases.TC_CVS_OPERATOR_135@5a8806ef]" name="tearDown" is-config="true" duration-ms="742" started-at="2019-05-12T17:22:16Z" finished-at="2019-05-12T17:22:17Z">
          <reporter-output>
          </reporter-output>
        </test-method> <!-- tearDown -->
      </class> <!-- com.solitoncvs.testCases.TC_CVS_OPERATOR_135 -->
      <class name="com.solitoncvs.testCases.TC_CVS_OPERATOR_134">
        <test-method status="PASS" signature="setup(java.lang.String)[pri:0, instance:com.solitoncvs.testCases.TC_CVS_OPERATOR_134@9660f4e]" name="setup" is-config="true" duration-ms="5074" started-at="2019-05-12T17:21:39Z" finished-at="2019-05-12T17:21:44Z">
          <params>
            <param index="0">
              <value>
                <![CDATA[chrome]]>
              </value>
            </param>
          </params>
          <reporter-output>
          </reporter-output>
        </test-method> <!-- setup -->
        <test-method status="PASS" signature="privacyOption()[pri:0, instance:com.solitoncvs.testCases.TC_CVS_OPERATOR_134@9660f4e]" name="privacyOption" duration-ms="13359" started-at="2019-05-12T17:21:44Z" finished-at="2019-05-12T17:21:57Z">
          <reporter-output>
          </reporter-output>
        </test-method> <!-- privacyOption -->
        <test-method status="PASS" signature="tearDown()[pri:0, instance:com.solitoncvs.testCases.TC_CVS_OPERATOR_134@9660f4e]" name="tearDown" is-config="true" duration-ms="697" started-at="2019-05-12T17:21:57Z" finished-at="2019-05-12T17:21:58Z">
          <reporter-output>
          </reporter-output>
        </test-method> <!-- tearDown -->
      </class> <!-- com.solitoncvs.testCases.TC_CVS_OPERATOR_134 -->
      <class name="com.solitoncvs.testCases.TC_CVS_OPERATOR_48">
        <test-method status="PASS" signature="setup(java.lang.String)[pri:0, instance:com.solitoncvs.testCases.TC_CVS_OPERATOR_48@35d176f7]" name="setup" is-config="true" duration-ms="5054" started-at="2019-05-12T17:08:05Z" finished-at="2019-05-12T17:08:10Z">
          <params>
            <param index="0">
              <value>
                <![CDATA[chrome]]>
              </value>
            </param>
          </params>
          <reporter-output>
          </reporter-output>
        </test-method> <!-- setup -->
        <test-method status="PASS" signature="uploadImage()[pri:0, instance:com.solitoncvs.testCases.TC_CVS_OPERATOR_48@35d176f7]" name="uploadImage" duration-ms="39124" started-at="2019-05-12T17:08:10Z" finished-at="2019-05-12T17:08:49Z">
          <reporter-output>
          </reporter-output>
        </test-method> <!-- uploadImage -->
        <test-method status="PASS" signature="tearDown()[pri:0, instance:com.solitoncvs.testCases.TC_CVS_OPERATOR_48@35d176f7]" name="tearDown" is-config="true" duration-ms="775" started-at="2019-05-12T17:08:49Z" finished-at="2019-05-12T17:08:50Z">
          <reporter-output>
          </reporter-output>
        </test-method> <!-- tearDown -->
      </class> <!-- com.solitoncvs.testCases.TC_CVS_OPERATOR_48 -->
      <class name="com.solitoncvs.testCases.TC_CVS_OPERATOR_131">
        <test-method status="PASS" signature="setup(java.lang.String)[pri:0, instance:com.solitoncvs.testCases.TC_CVS_OPERATOR_131@7c29daf3]" name="setup" is-config="true" duration-ms="7730" started-at="2019-05-12T17:20:59Z" finished-at="2019-05-12T17:21:07Z">
          <params>
            <param index="0">
              <value>
                <![CDATA[chrome]]>
              </value>
            </param>
          </params>
          <reporter-output>
          </reporter-output>
        </test-method> <!-- setup -->
        <test-method status="FAIL" signature="selectAllImage()[pri:0, instance:com.solitoncvs.testCases.TC_CVS_OPERATOR_131@7c29daf3]" name="selectAllImage" duration-ms="30882" started-at="2019-05-12T17:21:07Z" finished-at="2019-05-12T17:21:38Z">
          <exception class="org.openqa.selenium.NoSuchElementException">
            <message>
              <![CDATA[no such element: Unable to locate element: {"method":"xpath","selector":"//div[28]//button[1]"}
  (Session info: chrome=74.0.3729.131)
  (Driver info: chromedriver=74.0.3729.6 (255758eccf3d244491b8a1317aa76e1ce10d57e9-refs/branch-heads/3729@{#29}),platform=Windows NT 6.1.7601 SP1 x86_64) (WARNING: The server did not provide any stacktrace information)
Command duration or timeout: 0 milliseconds
For documentation on this error, please visit: http://seleniumhq.org/exceptions/no_such_element.html
Build info: version: '3.14.0', revision: 'aacccce0', time: '2018-08-02T20:19:58.91Z'
System info: host: 'SYSTEM1', ip: '192.168.43.114', os.name: 'Windows 7', os.arch: 'amd64', os.version: '6.1', java.version: '1.8.0_25'
Driver info: org.openqa.selenium.chrome.ChromeDriver
Capabilities {acceptInsecureCerts: false, acceptSslCerts: false, applicationCacheEnabled: false, browserConnectionEnabled: false, browserName: chrome, chrome: {chromedriverVersion: 74.0.3729.6 (255758eccf3d24..., userDataDir: C:\Users\Pentacle\AppData\L...}, cssSelectorsEnabled: true, databaseEnabled: false, goog:chromeOptions: {debuggerAddress: localhost:3011}, handlesAlerts: true, hasTouchScreen: false, javascriptEnabled: true, locationContextEnabled: true, mobileEmulationEnabled: false, nativeEvents: true, networkConnectionEnabled: false, pageLoadStrategy: normal, platform: XP, platformName: XP, proxy: Proxy(), rotatable: false, setWindowRect: true, strictFileInteractability: false, takesHeapSnapshot: true, takesScreenshot: true, timeouts: {implicit: 0, pageLoad: 300000, script: 30000}, unexpectedAlertBehaviour: ignore, unhandledPromptBehavior: ignore, version: 74.0.3729.131, webStorageEnabled: true}
Session ID: cb119c7a5d4b8baa6f8bf8b7eb97efcd
*** Element info: {Using=xpath, value=//div[28]//button[1]}]]>
            </message>
            <full-stacktrace>
              <![CDATA[org.openqa.selenium.NoSuchElementException: no such element: Unable to locate element: {"method":"xpath","selector":"//div[28]//button[1]"}
  (Session info: chrome=74.0.3729.131)
  (Driver info: chromedriver=74.0.3729.6 (255758eccf3d244491b8a1317aa76e1ce10d57e9-refs/branch-heads/3729@{#29}),platform=Windows NT 6.1.7601 SP1 x86_64) (WARNING: The server did not provide any stacktrace information)
Command duration or timeout: 0 milliseconds
For documentation on this error, please visit: http://seleniumhq.org/exceptions/no_such_element.html
Build info: version: '3.14.0', revision: 'aacccce0', time: '2018-08-02T20:19:58.91Z'
System info: host: 'SYSTEM1', ip: '192.168.43.114', os.name: 'Windows 7', os.arch: 'amd64', os.version: '6.1', java.version: '1.8.0_25'
Driver info: org.openqa.selenium.chrome.ChromeDriver
Capabilities {acceptInsecureCerts: false, acceptSslCerts: false, applicationCacheEnabled: false, browserConnectionEnabled: false, browserName: chrome, chrome: {chromedriverVersion: 74.0.3729.6 (255758eccf3d24..., userDataDir: C:\Users\Pentacle\AppData\L...}, cssSelectorsEnabled: true, databaseEnabled: false, goog:chromeOptions: {debuggerAddress: localhost:3011}, handlesAlerts: true, hasTouchScreen: false, javascriptEnabled: true, locationContextEnabled: true, mobileEmulationEnabled: false, nativeEvents: true, networkConnectionEnabled: false, pageLoadStrategy: normal, platform: XP, platformName: XP, proxy: Proxy(), rotatable: false, setWindowRect: true, strictFileInteractability: false, takesHeapSnapshot: true, takesScreenshot: true, timeouts: {implicit: 0, pageLoad: 300000, script: 30000}, unexpectedAlertBehaviour: ignore, unhandledPromptBehavior: ignore, version: 74.0.3729.131, webStorageEnabled: true}
Session ID: cb119c7a5d4b8baa6f8bf8b7eb97efcd
*** Element info: {Using=xpath, value=//div[28]//button[1]}
at sun.reflect.NativeConstructorAccessorImpl.newInstance0(Native Method)
at sun.reflect.NativeConstructorAccessorImpl.newInstance(NativeConstructorAccessorImpl.java:62)
at sun.reflect.DelegatingConstructorAccessorImpl.newInstance(DelegatingConstructorAccessorImpl.java:45)
at java.lang.reflect.Constructor.newInstance(Constructor.java:408)
at org.openqa.selenium.remote.ErrorHandler.createThrowable(ErrorHandler.java:214)
at org.openqa.selenium.remote.ErrorHandler.throwIfResponseFailed(ErrorHandler.java:166)
at org.openqa.selenium.remote.http.JsonHttpResponseCodec.reconstructValue(JsonHttpResponseCodec.java:40)
at org.openqa.selenium.remote.http.AbstractHttpResponseCodec.decode(AbstractHttpResponseCodec.java:80)
at org.openqa.selenium.remote.http.AbstractHttpResponseCodec.decode(AbstractHttpResponseCodec.java:44)
at org.openqa.selenium.remote.HttpCommandExecutor.execute(HttpCommandExecutor.java:158)
at org.openqa.selenium.remote.service.DriverCommandExecutor.execute(DriverCommandExecutor.java:83)
at org.openqa.selenium.remote.RemoteWebDriver.execute(RemoteWebDriver.java:548)
at org.openqa.selenium.remote.RemoteWebDriver.findElement(RemoteWebDriver.java:322)
at org.openqa.selenium.remote.RemoteWebDriver.findElementByXPath(RemoteWebDriver.java:424)
at org.openqa.selenium.By$ByXPath.findElement(By.java:353)
at org.openqa.selenium.remote.RemoteWebDriver.findElement(RemoteWebDriver.java:314)
at org.openqa.selenium.support.pagefactory.DefaultElementLocator.findElement(DefaultElementLocator.java:69)
at org.openqa.selenium.support.pagefactory.internal.LocatingElementHandler.invoke(LocatingElementHandler.java:38)
at com.sun.proxy.$Proxy11.click(Unknown Source)
at com.solitoncvs.pageObjects.UserDropDown.clickSelectAllImage(UserDropDown.java:60)
at com.solitoncvs.testCases.TC_CVS_OPERATOR_131.selectAllImage(TC_CVS_OPERATOR_131.java:79)
at sun.reflect.NativeMethodAccessorImpl.invoke0(Native Method)
at sun.reflect.NativeMethodAccessorImpl.invoke(NativeMethodAccessorImpl.java:62)
at sun.reflect.DelegatingMethodAccessorImpl.invoke(DelegatingMethodAccessorImpl.java:43)
at java.lang.reflect.Method.invoke(Method.java:483)
at org.testng.internal.MethodInvocationHelper.invokeMethod(MethodInvocationHelper.java:124)
at org.testng.internal.Invoker.invokeMethod(Invoker.java:583)
at org.testng.internal.Invoker.invokeTestMethod(Invoker.java:719)
at org.testng.internal.Invoker.invokeTestMethods(Invoker.java:989)
at org.testng.internal.TestMethodWorker.invokeTestMethods(TestMethodWorker.java:125)
at org.testng.internal.TestMethodWorker.run(TestMethodWorker.java:109)
at org.testng.TestRunner.privateRun(TestRunner.java:648)
at org.testng.TestRunner.run(TestRunner.java:505)
at org.testng.SuiteRunner.runTest(SuiteRunner.java:455)
at org.testng.SuiteRunner.runSequentially(SuiteRunner.java:450)
at org.testng.SuiteRunner.privateRun(SuiteRunner.java:415)
at org.testng.SuiteRunner.run(SuiteRunner.java:364)
at org.testng.SuiteRunnerWorker.runSuite(SuiteRunnerWorker.java:52)
at org.testng.SuiteRunnerWorker.run(SuiteRunnerWorker.java:84)
at org.testng.TestNG.runSuitesSequentially(TestNG.java:1208)
at org.testng.TestNG.runSuitesLocally(TestNG.java:1137)
at org.testng.TestNG.runSuites(TestNG.java:1049)
at org.testng.TestNG.run(TestNG.java:1017)
at org.testng.remote.AbstractRemoteTestNG.run(AbstractRemoteTestNG.java:114)
at org.testng.remote.RemoteTestNG.initAndRun(RemoteTestNG.java:251)
at org.testng.remote.RemoteTestNG.main(RemoteTestNG.java:77)
]]>
            </full-stacktrace>
          </exception> <!-- org.openqa.selenium.NoSuchElementException -->
          <reporter-output>
          </reporter-output>
        </test-method> <!-- selectAllImage -->
        <test-method status="PASS" signature="tearDown()[pri:0, instance:com.solitoncvs.testCases.TC_CVS_OPERATOR_131@7c29daf3]" name="tearDown" is-config="true" duration-ms="869" started-at="2019-05-12T17:21:38Z" finished-at="2019-05-12T17:21:39Z">
          <reporter-output>
          </reporter-output>
        </test-method> <!-- tearDown -->
      </class> <!-- com.solitoncvs.testCases.TC_CVS_OPERATOR_131 -->
      <class name="com.solitoncvs.testCases.TC_CVS_OPERATOR_130">
        <test-method status="PASS" signature="setup(java.lang.String)[pri:0, instance:com.solitoncvs.testCases.TC_CVS_OPERATOR_130@4bbfb90a]" name="setup" is-config="true" duration-ms="4753" started-at="2019-05-12T17:20:23Z" finished-at="2019-05-12T17:20:28Z">
          <params>
            <param index="0">
              <value>
                <![CDATA[chrome]]>
              </value>
            </param>
          </params>
          <reporter-output>
          </reporter-output>
        </test-method> <!-- setup -->
        <test-method status="FAIL" signature="deleteUploadedImage()[pri:0, instance:com.solitoncvs.testCases.TC_CVS_OPERATOR_130@4bbfb90a]" name="deleteUploadedImage" duration-ms="30920" started-at="2019-05-12T17:20:28Z" finished-at="2019-05-12T17:20:59Z">
          <exception class="org.openqa.selenium.NoSuchElementException">
            <message>
              <![CDATA[no such element: Unable to locate element: {"method":"xpath","selector":"//div[28]//button[3][text()='Delete']"}
  (Session info: chrome=74.0.3729.131)
  (Driver info: chromedriver=74.0.3729.6 (255758eccf3d244491b8a1317aa76e1ce10d57e9-refs/branch-heads/3729@{#29}),platform=Windows NT 6.1.7601 SP1 x86_64) (WARNING: The server did not provide any stacktrace information)
Command duration or timeout: 0 milliseconds
For documentation on this error, please visit: http://seleniumhq.org/exceptions/no_such_element.html
Build info: version: '3.14.0', revision: 'aacccce0', time: '2018-08-02T20:19:58.91Z'
System info: host: 'SYSTEM1', ip: '192.168.43.114', os.name: 'Windows 7', os.arch: 'amd64', os.version: '6.1', java.version: '1.8.0_25'
Driver info: org.openqa.selenium.chrome.ChromeDriver
Capabilities {acceptInsecureCerts: false, acceptSslCerts: false, applicationCacheEnabled: false, browserConnectionEnabled: false, browserName: chrome, chrome: {chromedriverVersion: 74.0.3729.6 (255758eccf3d24..., userDataDir: C:\Users\Pentacle\AppData\L...}, cssSelectorsEnabled: true, databaseEnabled: false, goog:chromeOptions: {debuggerAddress: localhost:2933}, handlesAlerts: true, hasTouchScreen: false, javascriptEnabled: true, locationContextEnabled: true, mobileEmulationEnabled: false, nativeEvents: true, networkConnectionEnabled: false, pageLoadStrategy: normal, platform: XP, platformName: XP, proxy: Proxy(), rotatable: false, setWindowRect: true, strictFileInteractability: false, takesHeapSnapshot: true, takesScreenshot: true, timeouts: {implicit: 0, pageLoad: 300000, script: 30000}, unexpectedAlertBehaviour: ignore, unhandledPromptBehavior: ignore, version: 74.0.3729.131, webStorageEnabled: true}
Session ID: 33becf756dd83d307bf286479e4deb40
*** Element info: {Using=xpath, value=//div[28]//button[3][text()='Delete']}]]>
            </message>
            <full-stacktrace>
              <![CDATA[org.openqa.selenium.NoSuchElementException: no such element: Unable to locate element: {"method":"xpath","selector":"//div[28]//button[3][text()='Delete']"}
  (Session info: chrome=74.0.3729.131)
  (Driver info: chromedriver=74.0.3729.6 (255758eccf3d244491b8a1317aa76e1ce10d57e9-refs/branch-heads/3729@{#29}),platform=Windows NT 6.1.7601 SP1 x86_64) (WARNING: The server did not provide any stacktrace information)
Command duration or timeout: 0 milliseconds
For documentation on this error, please visit: http://seleniumhq.org/exceptions/no_such_element.html
Build info: version: '3.14.0', revision: 'aacccce0', time: '2018-08-02T20:19:58.91Z'
System info: host: 'SYSTEM1', ip: '192.168.43.114', os.name: 'Windows 7', os.arch: 'amd64', os.version: '6.1', java.version: '1.8.0_25'
Driver info: org.openqa.selenium.chrome.ChromeDriver
Capabilities {acceptInsecureCerts: false, acceptSslCerts: false, applicationCacheEnabled: false, browserConnectionEnabled: false, browserName: chrome, chrome: {chromedriverVersion: 74.0.3729.6 (255758eccf3d24..., userDataDir: C:\Users\Pentacle\AppData\L...}, cssSelectorsEnabled: true, databaseEnabled: false, goog:chromeOptions: {debuggerAddress: localhost:2933}, handlesAlerts: true, hasTouchScreen: false, javascriptEnabled: true, locationContextEnabled: true, mobileEmulationEnabled: false, nativeEvents: true, networkConnectionEnabled: false, pageLoadStrategy: normal, platform: XP, platformName: XP, proxy: Proxy(), rotatable: false, setWindowRect: true, strictFileInteractability: false, takesHeapSnapshot: true, takesScreenshot: true, timeouts: {implicit: 0, pageLoad: 300000, script: 30000}, unexpectedAlertBehaviour: ignore, unhandledPromptBehavior: ignore, version: 74.0.3729.131, webStorageEnabled: true}
Session ID: 33becf756dd83d307bf286479e4deb40
*** Element info: {Using=xpath, value=//div[28]//button[3][text()='Delete']}
at sun.reflect.NativeConstructorAccessorImpl.newInstance0(Native Method)
at sun.reflect.NativeConstructorAccessorImpl.newInstance(NativeConstructorAccessorImpl.java:62)
at sun.reflect.DelegatingConstructorAccessorImpl.newInstance(DelegatingConstructorAccessorImpl.java:45)
at java.lang.reflect.Constructor.newInstance(Constructor.java:408)
at org.openqa.selenium.remote.ErrorHandler.createThrowable(ErrorHandler.java:214)
at org.openqa.selenium.remote.ErrorHandler.throwIfResponseFailed(ErrorHandler.java:166)
at org.openqa.selenium.remote.http.JsonHttpResponseCodec.reconstructValue(JsonHttpResponseCodec.java:40)
at org.openqa.selenium.remote.http.AbstractHttpResponseCodec.decode(AbstractHttpResponseCodec.java:80)
at org.openqa.selenium.remote.http.AbstractHttpResponseCodec.decode(AbstractHttpResponseCodec.java:44)
at org.openqa.selenium.remote.HttpCommandExecutor.execute(HttpCommandExecutor.java:158)
at org.openqa.selenium.remote.service.DriverCommandExecutor.execute(DriverCommandExecutor.java:83)
at org.openqa.selenium.remote.RemoteWebDriver.execute(RemoteWebDriver.java:548)
at org.openqa.selenium.remote.RemoteWebDriver.findElement(RemoteWebDriver.java:322)
at org.openqa.selenium.remote.RemoteWebDriver.findElementByXPath(RemoteWebDriver.java:424)
at org.openqa.selenium.By$ByXPath.findElement(By.java:353)
at org.openqa.selenium.remote.RemoteWebDriver.findElement(RemoteWebDriver.java:314)
at org.openqa.selenium.support.pagefactory.DefaultElementLocator.findElement(DefaultElementLocator.java:69)
at org.openqa.selenium.support.pagefactory.internal.LocatingElementHandler.invoke(LocatingElementHandler.java:38)
at com.sun.proxy.$Proxy11.click(Unknown Source)
at com.solitoncvs.pageObjects.UserDropDown.clickDeleteSelectImage(UserDropDown.java:55)
at com.solitoncvs.testCases.TC_CVS_OPERATOR_130.deleteUploadedImage(TC_CVS_OPERATOR_130.java:92)
at sun.reflect.NativeMethodAccessorImpl.invoke0(Native Method)
at sun.reflect.NativeMethodAccessorImpl.invoke(NativeMethodAccessorImpl.java:62)
at sun.reflect.DelegatingMethodAccessorImpl.invoke(DelegatingMethodAccessorImpl.java:43)
at java.lang.reflect.Method.invoke(Method.java:483)
at org.testng.internal.MethodInvocationHelper.invokeMethod(MethodInvocationHelper.java:124)
at org.testng.internal.Invoker.invokeMethod(Invoker.java:583)
at org.testng.internal.Invoker.invokeTestMethod(Invoker.java:719)
at org.testng.internal.Invoker.invokeTestMethods(Invoker.java:989)
at org.testng.internal.TestMethodWorker.invokeTestMethods(TestMethodWorker.java:125)
at org.testng.internal.TestMethodWorker.run(TestMethodWorker.java:109)
at org.testng.TestRunner.privateRun(TestRunner.java:648)
at org.testng.TestRunner.run(TestRunner.java:505)
at org.testng.SuiteRunner.runTest(SuiteRunner.java:455)
at org.testng.SuiteRunner.runSequentially(SuiteRunner.java:450)
at org.testng.SuiteRunner.privateRun(SuiteRunner.java:415)
at org.testng.SuiteRunner.run(SuiteRunner.java:364)
at org.testng.SuiteRunnerWorker.runSuite(SuiteRunnerWorker.java:52)
at org.testng.SuiteRunnerWorker.run(SuiteRunnerWorker.java:84)
at org.testng.TestNG.runSuitesSequentially(TestNG.java:1208)
at org.testng.TestNG.runSuitesLocally(TestNG.java:1137)
at org.testng.TestNG.runSuites(TestNG.java:1049)
at org.testng.TestNG.run(TestNG.java:1017)
at org.testng.remote.AbstractRemoteTestNG.run(AbstractRemoteTestNG.java:114)
at org.testng.remote.RemoteTestNG.initAndRun(RemoteTestNG.java:251)
at org.testng.remote.RemoteTestNG.main(RemoteTestNG.java:77)
]]>
            </full-stacktrace>
          </exception> <!-- org.openqa.selenium.NoSuchElementException -->
          <reporter-output>
          </reporter-output>
        </test-method> <!-- deleteUploadedImage -->
        <test-method status="PASS" signature="tearDown()[pri:0, instance:com.solitoncvs.testCases.TC_CVS_OPERATOR_130@4bbfb90a]" name="tearDown" is-config="true" duration-ms="819" started-at="2019-05-12T17:20:59Z" finished-at="2019-05-12T17:20:59Z">
          <reporter-output>
          </reporter-output>
        </test-method> <!-- tearDown -->
      </class> <!-- com.solitoncvs.testCases.TC_CVS_OPERATOR_130 -->
      <class name="com.solitoncvs.testCases.TC_CVS_OPERATOR_49">
        <test-method status="PASS" signature="setup(java.lang.String)[pri:0, instance:com.solitoncvs.testCases.TC_CVS_OPERATOR_49@1dfe2924]" name="setup" is-config="true" duration-ms="5615" started-at="2019-05-12T17:08:50Z" finished-at="2019-05-12T17:08:55Z">
          <params>
            <param index="0">
              <value>
                <![CDATA[chrome]]>
              </value>
            </param>
          </params>
          <reporter-output>
          </reporter-output>
        </test-method> <!-- setup -->
        <test-method status="PASS" signature="changeWatermarkImage()[pri:0, instance:com.solitoncvs.testCases.TC_CVS_OPERATOR_49@1dfe2924]" name="changeWatermarkImage" duration-ms="27775" started-at="2019-05-12T17:08:55Z" finished-at="2019-05-12T17:09:23Z">
          <reporter-output>
          </reporter-output>
        </test-method> <!-- changeWatermarkImage -->
        <test-method status="PASS" signature="tearDown()[pri:0, instance:com.solitoncvs.testCases.TC_CVS_OPERATOR_49@1dfe2924]" name="tearDown" is-config="true" duration-ms="727" started-at="2019-05-12T17:09:23Z" finished-at="2019-05-12T17:09:24Z">
          <reporter-output>
          </reporter-output>
        </test-method> <!-- tearDown -->
      </class> <!-- com.solitoncvs.testCases.TC_CVS_OPERATOR_49 -->
      <class name="com.solitoncvs.testCases.TC_CVS_OPERATOR_50">
        <test-method status="PASS" signature="setup(java.lang.String)[pri:0, instance:com.solitoncvs.testCases.TC_CVS_OPERATOR_50@6ebc05a6]" name="setup" is-config="true" duration-ms="5195" started-at="2019-05-12T17:09:24Z" finished-at="2019-05-12T17:09:29Z">
          <params>
            <param index="0">
              <value>
                <![CDATA[chrome]]>
              </value>
            </param>
          </params>
          <reporter-output>
          </reporter-output>
        </test-method> <!-- setup -->
        <test-method status="PASS" signature="removeWaterMark()[pri:0, instance:com.solitoncvs.testCases.TC_CVS_OPERATOR_50@6ebc05a6]" name="removeWaterMark" duration-ms="20681" started-at="2019-05-12T17:09:29Z" finished-at="2019-05-12T17:09:50Z">
          <reporter-output>
          </reporter-output>
        </test-method> <!-- removeWaterMark -->
        <test-method status="PASS" signature="tearDown()[pri:0, instance:com.solitoncvs.testCases.TC_CVS_OPERATOR_50@6ebc05a6]" name="tearDown" is-config="true" duration-ms="713" started-at="2019-05-12T17:09:50Z" finished-at="2019-05-12T17:09:50Z">
          <reporter-output>
          </reporter-output>
        </test-method> <!-- tearDown -->
      </class> <!-- com.solitoncvs.testCases.TC_CVS_OPERATOR_50 -->
      <class name="com.solitoncvs.testCases.TC_CVS_OPERATOR_1">
        <test-method status="PASS" signature="setup(java.lang.String)[pri:0, instance:com.solitoncvs.testCases.TC_CVS_OPERATOR_1@731a74c]" name="setup" is-config="true" duration-ms="6046" started-at="2019-05-12T16:52:47Z" finished-at="2019-05-12T16:52:53Z">
          <params>
            <param index="0">
              <value>
                <![CDATA[chrome]]>
              </value>
            </param>
          </params>
          <reporter-output>
          </reporter-output>
        </test-method> <!-- setup -->
        <test-method status="PASS" signature="loginTest()[pri:0, instance:com.solitoncvs.testCases.TC_CVS_OPERATOR_1@731a74c]" name="loginTest" duration-ms="13465" started-at="2019-05-12T16:52:53Z" finished-at="2019-05-12T16:53:06Z">
          <reporter-output>
          </reporter-output>
        </test-method> <!-- loginTest -->
        <test-method status="PASS" signature="tearDown()[pri:0, instance:com.solitoncvs.testCases.TC_CVS_OPERATOR_1@731a74c]" name="tearDown" is-config="true" duration-ms="701" started-at="2019-05-12T16:53:06Z" finished-at="2019-05-12T16:53:07Z">
          <reporter-output>
          </reporter-output>
        </test-method> <!-- tearDown -->
      </class> <!-- com.solitoncvs.testCases.TC_CVS_OPERATOR_1 -->
      <class name="com.solitoncvs.testCases.TC_CVS_OPERATOR_79">
        <test-method status="PASS" signature="setup(java.lang.String)[pri:0, instance:com.solitoncvs.testCases.TC_CVS_OPERATOR_79@6737fd8f]" name="setup" is-config="true" duration-ms="5862" started-at="2019-05-12T17:18:04Z" finished-at="2019-05-12T17:18:09Z">
          <params>
            <param index="0">
              <value>
                <![CDATA[chrome]]>
              </value>
            </param>
          </params>
          <reporter-output>
          </reporter-output>
        </test-method> <!-- setup -->
        <test-method status="PASS" signature="saveYouTubeOutputStreamControl()[pri:0, instance:com.solitoncvs.testCases.TC_CVS_OPERATOR_79@6737fd8f]" name="saveYouTubeOutputStreamControl" duration-ms="20173" started-at="2019-05-12T17:18:09Z" finished-at="2019-05-12T17:18:30Z">
          <reporter-output>
          </reporter-output>
        </test-method> <!-- saveYouTubeOutputStreamControl -->
        <test-method status="PASS" signature="tearDown()[pri:0, instance:com.solitoncvs.testCases.TC_CVS_OPERATOR_79@6737fd8f]" name="tearDown" is-config="true" duration-ms="766" started-at="2019-05-12T17:18:30Z" finished-at="2019-05-12T17:18:30Z">
          <reporter-output>
          </reporter-output>
        </test-method> <!-- tearDown -->
      </class> <!-- com.solitoncvs.testCases.TC_CVS_OPERATOR_79 -->
      <class name="com.solitoncvs.testCases.TC_CVS_OPERATOR_36">
        <test-method status="PASS" signature="setup(java.lang.String)[pri:0, instance:com.solitoncvs.testCases.TC_CVS_OPERATOR_36@43814d18]" name="setup" is-config="true" duration-ms="5267" started-at="2019-05-12T17:03:31Z" finished-at="2019-05-12T17:03:36Z">
          <params>
            <param index="0">
              <value>
                <![CDATA[chrome]]>
              </value>
            </param>
          </params>
          <reporter-output>
          </reporter-output>
        </test-method> <!-- setup -->
        <test-method status="PASS" signature="addAudioFile()[pri:0, instance:com.solitoncvs.testCases.TC_CVS_OPERATOR_36@43814d18]" name="addAudioFile" duration-ms="33404" started-at="2019-05-12T17:03:36Z" finished-at="2019-05-12T17:04:10Z">
          <reporter-output>
          </reporter-output>
        </test-method> <!-- addAudioFile -->
        <test-method status="PASS" signature="tearDown()[pri:0, instance:com.solitoncvs.testCases.TC_CVS_OPERATOR_36@43814d18]" name="tearDown" is-config="true" duration-ms="764" started-at="2019-05-12T17:04:10Z" finished-at="2019-05-12T17:04:10Z">
          <reporter-output>
          </reporter-output>
        </test-method> <!-- tearDown -->
      </class> <!-- com.solitoncvs.testCases.TC_CVS_OPERATOR_36 -->
      <class name="com.solitoncvs.testCases.TC_CVS_OPERATOR_33">
        <test-method status="PASS" signature="setup(java.lang.String)[pri:0, instance:com.solitoncvs.testCases.TC_CVS_OPERATOR_33@5ae63ade]" name="setup" is-config="true" duration-ms="5159" started-at="2019-05-12T17:02:37Z" finished-at="2019-05-12T17:02:43Z">
          <params>
            <param index="0">
              <value>
                <![CDATA[chrome]]>
              </value>
            </param>
          </params>
          <reporter-output>
          </reporter-output>
        </test-method> <!-- setup -->
        <test-method status="PASS" signature="mixLive()[pri:0, instance:com.solitoncvs.testCases.TC_CVS_OPERATOR_33@5ae63ade]" name="mixLive" duration-ms="19952" started-at="2019-05-12T17:02:43Z" finished-at="2019-05-12T17:03:02Z">
          <reporter-output>
          </reporter-output>
        </test-method> <!-- mixLive -->
        <test-method status="PASS" signature="tearDown()[pri:0, instance:com.solitoncvs.testCases.TC_CVS_OPERATOR_33@5ae63ade]" name="tearDown" is-config="true" duration-ms="723" started-at="2019-05-12T17:03:02Z" finished-at="2019-05-12T17:03:03Z">
          <reporter-output>
          </reporter-output>
        </test-method> <!-- tearDown -->
      </class> <!-- com.solitoncvs.testCases.TC_CVS_OPERATOR_33 -->
      <class name="com.solitoncvs.testCases.TC_CVS_DeleteAddedInputControl_7">
        <test-method status="PASS" signature="setup(java.lang.String)[pri:0, instance:com.solitoncvs.testCases.TC_CVS_DeleteAddedInputControl_7@887af79]" name="setup" is-config="true" duration-ms="5455" started-at="2019-05-12T16:58:31Z" finished-at="2019-05-12T16:58:36Z">
          <params>
            <param index="0">
              <value>
                <![CDATA[chrome]]>
              </value>
            </param>
          </params>
          <reporter-output>
          </reporter-output>
        </test-method> <!-- setup -->
        <test-method status="PASS" signature="deleteAddedInputControl()[pri:0, instance:com.solitoncvs.testCases.TC_CVS_DeleteAddedInputControl_7@887af79]" name="deleteAddedInputControl" duration-ms="26034" started-at="2019-05-12T16:58:36Z" finished-at="2019-05-12T16:59:02Z">
          <reporter-output>
          </reporter-output>
        </test-method> <!-- deleteAddedInputControl -->
        <test-method status="PASS" signature="tearDown()[pri:0, instance:com.solitoncvs.testCases.TC_CVS_DeleteAddedInputControl_7@887af79]" name="tearDown" is-config="true" duration-ms="708" started-at="2019-05-12T16:59:02Z" finished-at="2019-05-12T16:59:03Z">
          <reporter-output>
          </reporter-output>
        </test-method> <!-- tearDown -->
      </class> <!-- com.solitoncvs.testCases.TC_CVS_DeleteAddedInputControl_7 -->
      <class name="com.solitoncvs.testCases.TC_CVS_OPERATOR_77">
        <test-method status="PASS" signature="setup(java.lang.String)[pri:0, instance:com.solitoncvs.testCases.TC_CVS_OPERATOR_77@1efed156]" name="setup" is-config="true" duration-ms="5058" started-at="2019-05-12T17:17:37Z" finished-at="2019-05-12T17:17:42Z">
          <params>
            <param index="0">
              <value>
                <![CDATA[chrome]]>
              </value>
            </param>
          </params>
          <reporter-output>
          </reporter-output>
        </test-method> <!-- setup -->
        <test-method status="PASS" signature="startYoutubeOutPutStreamControl()[pri:0, instance:com.solitoncvs.testCases.TC_CVS_OPERATOR_77@1efed156]" name="startYoutubeOutPutStreamControl" duration-ms="20331" started-at="2019-05-12T17:17:42Z" finished-at="2019-05-12T17:18:03Z">
          <reporter-output>
          </reporter-output>
        </test-method> <!-- startYoutubeOutPutStreamControl -->
        <test-method status="PASS" signature="tearDown()[pri:0, instance:com.solitoncvs.testCases.TC_CVS_OPERATOR_77@1efed156]" name="tearDown" is-config="true" duration-ms="968" started-at="2019-05-12T17:18:03Z" finished-at="2019-05-12T17:18:04Z">
          <reporter-output>
          </reporter-output>
        </test-method> <!-- tearDown -->
      </class> <!-- com.solitoncvs.testCases.TC_CVS_OPERATOR_77 -->
      <class name="com.solitoncvs.testCases.TC_CVS_OPERATOR_34">
        <test-method status="PASS" signature="setup(java.lang.String)[pri:0, instance:com.solitoncvs.testCases.TC_CVS_OPERATOR_34@610694f1]" name="setup" is-config="true" duration-ms="5092" started-at="2019-05-12T17:03:03Z" finished-at="2019-05-12T17:03:08Z">
          <params>
            <param index="0">
              <value>
                <![CDATA[chrome]]>
              </value>
            </param>
          </params>
          <reporter-output>
          </reporter-output>
        </test-method> <!-- setup -->
        <test-method status="PASS" signature="stopMixingFromInputControl()[pri:0, instance:com.solitoncvs.testCases.TC_CVS_OPERATOR_34@610694f1]" name="stopMixingFromInputControl" duration-ms="22021" started-at="2019-05-12T17:03:08Z" finished-at="2019-05-12T17:03:30Z">
          <reporter-output>
          </reporter-output>
        </test-method> <!-- stopMixingFromInputControl -->
        <test-method status="PASS" signature="tearDown()[pri:0, instance:com.solitoncvs.testCases.TC_CVS_OPERATOR_34@610694f1]" name="tearDown" is-config="true" duration-ms="737" started-at="2019-05-12T17:03:30Z" finished-at="2019-05-12T17:03:31Z">
          <reporter-output>
          </reporter-output>
        </test-method> <!-- tearDown -->
      </class> <!-- com.solitoncvs.testCases.TC_CVS_OPERATOR_34 -->
      <class name="com.solitoncvs.testCases.TC_CVS_OPERATOR_31">
        <test-method status="PASS" signature="setup(java.lang.String)[pri:0, instance:com.solitoncvs.testCases.TC_CVS_OPERATOR_31@23e028a9]" name="setup" is-config="true" duration-ms="5176" started-at="2019-05-12T17:01:44Z" finished-at="2019-05-12T17:01:50Z">
          <params>
            <param index="0">
              <value>
                <![CDATA[chrome]]>
              </value>
            </param>
          </params>
          <reporter-output>
          </reporter-output>
        </test-method> <!-- setup -->
        <test-method status="PASS" signature="previewUploadedImage()[pri:0, instance:com.solitoncvs.testCases.TC_CVS_OPERATOR_31@23e028a9]" name="previewUploadedImage" duration-ms="20753" started-at="2019-05-12T17:01:50Z" finished-at="2019-05-12T17:02:10Z">
          <reporter-output>
          </reporter-output>
        </test-method> <!-- previewUploadedImage -->
        <test-method status="PASS" signature="tearDown()[pri:0, instance:com.solitoncvs.testCases.TC_CVS_OPERATOR_31@23e028a9]" name="tearDown" is-config="true" duration-ms="792" started-at="2019-05-12T17:02:10Z" finished-at="2019-05-12T17:02:11Z">
          <reporter-output>
          </reporter-output>
        </test-method> <!-- tearDown -->
      </class> <!-- com.solitoncvs.testCases.TC_CVS_OPERATOR_31 -->
      <class name="com.solitoncvs.testCases.TC_CVS_OPERATOR_32">
        <test-method status="PASS" signature="setup(java.lang.String)[pri:0, instance:com.solitoncvs.testCases.TC_CVS_OPERATOR_32@3dd4520b]" name="setup" is-config="true" duration-ms="5267" started-at="2019-05-12T17:02:11Z" finished-at="2019-05-12T17:02:16Z">
          <params>
            <param index="0">
              <value>
                <![CDATA[chrome]]>
              </value>
            </param>
          </params>
          <reporter-output>
          </reporter-output>
        </test-method> <!-- setup -->
        <test-method status="PASS" signature="audioMixInputControl()[pri:0, instance:com.solitoncvs.testCases.TC_CVS_OPERATOR_32@3dd4520b]" name="audioMixInputControl" duration-ms="20146" started-at="2019-05-12T17:02:16Z" finished-at="2019-05-12T17:02:37Z">
          <reporter-output>
          </reporter-output>
        </test-method> <!-- audioMixInputControl -->
        <test-method status="PASS" signature="tearDown()[pri:0, instance:com.solitoncvs.testCases.TC_CVS_OPERATOR_32@3dd4520b]" name="tearDown" is-config="true" duration-ms="765" started-at="2019-05-12T17:02:37Z" finished-at="2019-05-12T17:02:37Z">
          <reporter-output>
          </reporter-output>
        </test-method> <!-- tearDown -->
      </class> <!-- com.solitoncvs.testCases.TC_CVS_OPERATOR_32 -->
      <class name="com.solitoncvs.testCases.TC_CVS_OPERATOR_76">
        <test-method status="PASS" signature="setup(java.lang.String)[pri:0, instance:com.solitoncvs.testCases.TC_CVS_OPERATOR_76@63e2203c]" name="setup" is-config="true" duration-ms="5242" started-at="2019-05-12T17:17:11Z" finished-at="2019-05-12T17:17:16Z">
          <params>
            <param index="0">
              <value>
                <![CDATA[chrome]]>
              </value>
            </param>
          </params>
          <reporter-output>
          </reporter-output>
        </test-method> <!-- setup -->
        <test-method status="PASS" signature="youTubeStreamControl()[pri:0, instance:com.solitoncvs.testCases.TC_CVS_OPERATOR_76@63e2203c]" name="youTubeStreamControl" duration-ms="20329" started-at="2019-05-12T17:17:16Z" finished-at="2019-05-12T17:17:36Z">
          <reporter-output>
          </reporter-output>
        </test-method> <!-- youTubeStreamControl -->
        <test-method status="PASS" signature="tearDown()[pri:0, instance:com.solitoncvs.testCases.TC_CVS_OPERATOR_76@63e2203c]" name="tearDown" is-config="true" duration-ms="714" started-at="2019-05-12T17:17:36Z" finished-at="2019-05-12T17:17:37Z">
          <reporter-output>
          </reporter-output>
        </test-method> <!-- tearDown -->
      </class> <!-- com.solitoncvs.testCases.TC_CVS_OPERATOR_76 -->
      <class name="com.solitoncvs.testCases.TC_CVS_OPERATOR_73">
        <test-method status="PASS" signature="setup(java.lang.String)[pri:0, instance:com.solitoncvs.testCases.TC_CVS_OPERATOR_73@3224f60b]" name="setup" is-config="true" duration-ms="5338" started-at="2019-05-12T17:16:41Z" finished-at="2019-05-12T17:16:47Z">
          <params>
            <param index="0">
              <value>
                <![CDATA[chrome]]>
              </value>
            </param>
          </params>
          <reporter-output>
          </reporter-output>
        </test-method> <!-- setup -->
        <test-method status="PASS" signature="saveFBOutputStreamControl()[pri:0, instance:com.solitoncvs.testCases.TC_CVS_OPERATOR_73@3224f60b]" name="saveFBOutputStreamControl" duration-ms="23345" started-at="2019-05-12T17:16:47Z" finished-at="2019-05-12T17:17:10Z">
          <reporter-output>
          </reporter-output>
        </test-method> <!-- saveFBOutputStreamControl -->
        <test-method status="PASS" signature="tearDown()[pri:0, instance:com.solitoncvs.testCases.TC_CVS_OPERATOR_73@3224f60b]" name="tearDown" is-config="true" duration-ms="745" started-at="2019-05-12T17:17:10Z" finished-at="2019-05-12T17:17:11Z">
          <reporter-output>
          </reporter-output>
        </test-method> <!-- tearDown -->
      </class> <!-- com.solitoncvs.testCases.TC_CVS_OPERATOR_73 -->
      <class name="com.solitoncvs.testCases.TC_CVS_OPERATOR_121">
        <test-method status="PASS" signature="setup(java.lang.String)[pri:0, instance:com.solitoncvs.testCases.TC_CVS_OPERATOR_121@a7e666]" name="setup" is-config="true" duration-ms="4841" started-at="2019-05-12T17:18:56Z" finished-at="2019-05-12T17:19:01Z">
          <params>
            <param index="0">
              <value>
                <![CDATA[chrome]]>
              </value>
            </param>
          </params>
          <reporter-output>
          </reporter-output>
        </test-method> <!-- setup -->
        <test-method status="PASS" signature="broadcastHistoryDropdown()[pri:0, instance:com.solitoncvs.testCases.TC_CVS_OPERATOR_121@a7e666]" name="broadcastHistoryDropdown" duration-ms="14880" started-at="2019-05-12T17:19:01Z" finished-at="2019-05-12T17:19:16Z">
          <reporter-output>
          </reporter-output>
        </test-method> <!-- broadcastHistoryDropdown -->
        <test-method status="PASS" signature="tearDown()[pri:0, instance:com.solitoncvs.testCases.TC_CVS_OPERATOR_121@a7e666]" name="tearDown" is-config="true" duration-ms="758" started-at="2019-05-12T17:19:16Z" finished-at="2019-05-12T17:19:17Z">
          <reporter-output>
          </reporter-output>
        </test-method> <!-- tearDown -->
      </class> <!-- com.solitoncvs.testCases.TC_CVS_OPERATOR_121 -->
      <class name="com.solitoncvs.testCases.TC_CVS_OPERATOR_123">
        <test-method status="PASS" signature="setup(java.lang.String)[pri:0, instance:com.solitoncvs.testCases.TC_CVS_OPERATOR_123@68bbe345]" name="setup" is-config="true" duration-ms="5019" started-at="2019-05-12T17:19:17Z" finished-at="2019-05-12T17:19:22Z">
          <params>
            <param index="0">
              <value>
                <![CDATA[chrome]]>
              </value>
            </param>
          </params>
          <reporter-output>
          </reporter-output>
        </test-method> <!-- setup -->
        <test-method status="PASS" signature="profileOption()[pri:0, instance:com.solitoncvs.testCases.TC_CVS_OPERATOR_123@68bbe345]" name="profileOption" duration-ms="13991" started-at="2019-05-12T17:19:22Z" finished-at="2019-05-12T17:19:36Z">
          <reporter-output>
          </reporter-output>
        </test-method> <!-- profileOption -->
        <test-method status="PASS" signature="tearDown()[pri:0, instance:com.solitoncvs.testCases.TC_CVS_OPERATOR_123@68bbe345]" name="tearDown" is-config="true" duration-ms="717" started-at="2019-05-12T17:19:36Z" finished-at="2019-05-12T17:19:37Z">
          <reporter-output>
          </reporter-output>
        </test-method> <!-- tearDown -->
      </class> <!-- com.solitoncvs.testCases.TC_CVS_OPERATOR_123 -->
      <class name="com.solitoncvs.testCases.TC_CVS_OPERATOR_37">
        <test-method status="PASS" signature="setup(java.lang.String)[pri:0, instance:com.solitoncvs.testCases.TC_CVS_OPERATOR_37@5c5a1b69]" name="setup" is-config="true" duration-ms="6712" started-at="2019-05-12T17:04:10Z" finished-at="2019-05-12T17:04:17Z">
          <params>
            <param index="0">
              <value>
                <![CDATA[chrome]]>
              </value>
            </param>
          </params>
          <reporter-output>
          </reporter-output>
        </test-method> <!-- setup -->
        <test-method status="PASS" signature="previewUploadedAudioFile()[pri:0, instance:com.solitoncvs.testCases.TC_CVS_OPERATOR_37@5c5a1b69]" name="previewUploadedAudioFile" duration-ms="23307" started-at="2019-05-12T17:04:17Z" finished-at="2019-05-12T17:04:41Z">
          <reporter-output>
          </reporter-output>
        </test-method> <!-- previewUploadedAudioFile -->
        <test-method status="PASS" signature="tearDown()[pri:0, instance:com.solitoncvs.testCases.TC_CVS_OPERATOR_37@5c5a1b69]" name="tearDown" is-config="true" duration-ms="758" started-at="2019-05-12T17:04:41Z" finished-at="2019-05-12T17:04:41Z">
          <reporter-output>
          </reporter-output>
        </test-method> <!-- tearDown -->
      </class> <!-- com.solitoncvs.testCases.TC_CVS_OPERATOR_37 -->
      <class name="com.solitoncvs.testCases.TC_CVS_OPERATOR_38">
        <test-method status="PASS" signature="setup(java.lang.String)[pri:0, instance:com.solitoncvs.testCases.TC_CVS_OPERATOR_38@3701eaf6]" name="setup" is-config="true" duration-ms="5003" started-at="2019-05-12T17:04:41Z" finished-at="2019-05-12T17:04:46Z">
          <params>
            <param index="0">
              <value>
                <![CDATA[chrome]]>
              </value>
            </param>
          </params>
          <reporter-output>
          </reporter-output>
        </test-method> <!-- setup -->
        <test-method status="PASS" signature="playAudioMix()[pri:0, instance:com.solitoncvs.testCases.TC_CVS_OPERATOR_38@3701eaf6]" name="playAudioMix" duration-ms="29402" started-at="2019-05-12T17:04:46Z" finished-at="2019-05-12T17:05:16Z">
          <reporter-output>
          </reporter-output>
        </test-method> <!-- playAudioMix -->
        <test-method status="PASS" signature="tearDown()[pri:0, instance:com.solitoncvs.testCases.TC_CVS_OPERATOR_38@3701eaf6]" name="tearDown" is-config="true" duration-ms="714" started-at="2019-05-12T17:05:16Z" finished-at="2019-05-12T17:05:16Z">
          <reporter-output>
          </reporter-output>
        </test-method> <!-- tearDown -->
      </class> <!-- com.solitoncvs.testCases.TC_CVS_OPERATOR_38 -->
      <class name="com.solitoncvs.testCases.TC_CVS_OPERATOR_129">
        <test-method status="PASS" signature="setup(java.lang.String)[pri:0, instance:com.solitoncvs.testCases.TC_CVS_OPERATOR_129@7494e528]" name="setup" is-config="true" duration-ms="4881" started-at="2019-05-12T17:20:00Z" finished-at="2019-05-12T17:20:04Z">
          <params>
            <param index="0">
              <value>
                <![CDATA[chrome]]>
              </value>
            </param>
          </params>
          <reporter-output>
          </reporter-output>
        </test-method> <!-- setup -->
        <test-method status="PASS" signature="myMediaSettings()[pri:0, instance:com.solitoncvs.testCases.TC_CVS_OPERATOR_129@7494e528]" name="myMediaSettings" duration-ms="17561" started-at="2019-05-12T17:20:04Z" finished-at="2019-05-12T17:20:22Z">
          <reporter-output>
          </reporter-output>
        </test-method> <!-- myMediaSettings -->
        <test-method status="PASS" signature="tearDown()[pri:0, instance:com.solitoncvs.testCases.TC_CVS_OPERATOR_129@7494e528]" name="tearDown" is-config="true" duration-ms="862" started-at="2019-05-12T17:20:22Z" finished-at="2019-05-12T17:20:23Z">
          <reporter-output>
          </reporter-output>
        </test-method> <!-- tearDown -->
      </class> <!-- com.solitoncvs.testCases.TC_CVS_OPERATOR_129 -->
      <class name="com.solitoncvs.testCases.TC_CVS_OPERATOR_126">
        <test-method status="PASS" signature="setup(java.lang.String)[pri:0, instance:com.solitoncvs.testCases.TC_CVS_OPERATOR_126@30b8a058]" name="setup" is-config="true" duration-ms="4933" started-at="2019-05-12T17:19:37Z" finished-at="2019-05-12T17:19:42Z">
          <params>
            <param index="0">
              <value>
                <![CDATA[chrome]]>
              </value>
            </param>
          </params>
          <reporter-output>
          </reporter-output>
        </test-method> <!-- setup -->
        <test-method status="PASS" signature="settingsOption()[pri:0, instance:com.solitoncvs.testCases.TC_CVS_OPERATOR_126@30b8a058]" name="settingsOption" duration-ms="17367" started-at="2019-05-12T17:19:42Z" finished-at="2019-05-12T17:19:59Z">
          <reporter-output>
          </reporter-output>
        </test-method> <!-- settingsOption -->
        <test-method status="PASS" signature="tearDown()[pri:0, instance:com.solitoncvs.testCases.TC_CVS_OPERATOR_126@30b8a058]" name="tearDown" is-config="true" duration-ms="692" started-at="2019-05-12T17:19:59Z" finished-at="2019-05-12T17:20:00Z">
          <reporter-output>
          </reporter-output>
        </test-method> <!-- tearDown -->
      </class> <!-- com.solitoncvs.testCases.TC_CVS_OPERATOR_126 -->
      <class name="com.solitoncvs.testCases.TC_CVS_OPERATOR_24">
        <test-method status="PASS" signature="setup(java.lang.String)[pri:0, instance:com.solitoncvs.testCases.TC_CVS_OPERATOR_24@7fac631b]" name="setup" is-config="true" duration-ms="5047" started-at="2019-05-12T16:59:03Z" finished-at="2019-05-12T16:59:08Z">
          <params>
            <param index="0">
              <value>
                <![CDATA[chrome]]>
              </value>
            </param>
          </params>
          <reporter-output>
          </reporter-output>
        </test-method> <!-- setup -->
        <test-method status="PASS" signature="videoInputControlTab()[pri:0, instance:com.solitoncvs.testCases.TC_CVS_OPERATOR_24@7fac631b]" name="videoInputControlTab" duration-ms="20036" started-at="2019-05-12T16:59:08Z" finished-at="2019-05-12T16:59:28Z">
          <reporter-output>
          </reporter-output>
        </test-method> <!-- videoInputControlTab -->
        <test-method status="PASS" signature="tearDown()[pri:0, instance:com.solitoncvs.testCases.TC_CVS_OPERATOR_24@7fac631b]" name="tearDown" is-config="true" duration-ms="781" started-at="2019-05-12T16:59:28Z" finished-at="2019-05-12T16:59:29Z">
          <reporter-output>
          </reporter-output>
        </test-method> <!-- tearDown -->
      </class> <!-- com.solitoncvs.testCases.TC_CVS_OPERATOR_24 -->
      <class name="com.solitoncvs.testCases.TC_CVS_OPERATOR_68">
        <test-method status="PASS" signature="setup(java.lang.String)[pri:0, instance:com.solitoncvs.testCases.TC_CVS_OPERATOR_68@22a67b4]" name="setup" is-config="true" duration-ms="5301" started-at="2019-05-12T17:15:20Z" finished-at="2019-05-12T17:15:25Z">
          <params>
            <param index="0">
              <value>
                <![CDATA[chrome]]>
              </value>
            </param>
          </params>
          <reporter-output>
          </reporter-output>
        </test-method> <!-- setup -->
        <test-method status="PASS" signature="RTMPStreamControl()[pri:0, instance:com.solitoncvs.testCases.TC_CVS_OPERATOR_68@22a67b4]" name="RTMPStreamControl" duration-ms="20225" started-at="2019-05-12T17:15:25Z" finished-at="2019-05-12T17:15:45Z">
          <reporter-output>
          </reporter-output>
        </test-method> <!-- RTMPStreamControl -->
        <test-method status="PASS" signature="tearDown()[pri:0, instance:com.solitoncvs.testCases.TC_CVS_OPERATOR_68@22a67b4]" name="tearDown" is-config="true" duration-ms="807" started-at="2019-05-12T17:15:45Z" finished-at="2019-05-12T17:15:46Z">
          <reporter-output>
          </reporter-output>
        </test-method> <!-- tearDown -->
      </class> <!-- com.solitoncvs.testCases.TC_CVS_OPERATOR_68 -->
      <class name="com.solitoncvs.testCases.TC_CVS_OPERATOR_69">
        <test-method status="PASS" signature="setup(java.lang.String)[pri:0, instance:com.solitoncvs.testCases.TC_CVS_OPERATOR_69@57855c9a]" name="setup" is-config="true" duration-ms="5222" started-at="2019-05-12T17:15:46Z" finished-at="2019-05-12T17:15:51Z">
          <params>
            <param index="0">
              <value>
                <![CDATA[chrome]]>
              </value>
            </param>
          </params>
          <reporter-output>
          </reporter-output>
        </test-method> <!-- setup -->
        <test-method status="PASS" signature="facebookStreamControl()[pri:0, instance:com.solitoncvs.testCases.TC_CVS_OPERATOR_69@57855c9a]" name="facebookStreamControl" duration-ms="20171" started-at="2019-05-12T17:15:51Z" finished-at="2019-05-12T17:16:12Z">
          <reporter-output>
          </reporter-output>
        </test-method> <!-- facebookStreamControl -->
        <test-method status="PASS" signature="tearDown()[pri:0, instance:com.solitoncvs.testCases.TC_CVS_OPERATOR_69@57855c9a]" name="tearDown" is-config="true" duration-ms="675" started-at="2019-05-12T17:16:12Z" finished-at="2019-05-12T17:16:12Z">
          <reporter-output>
          </reporter-output>
        </test-method> <!-- tearDown -->
      </class> <!-- com.solitoncvs.testCases.TC_CVS_OPERATOR_69 -->
      <class name="com.solitoncvs.testCases.TC_CVS_OPERATOR_25">
        <test-method status="PASS" signature="setup(java.lang.String)[pri:0, instance:com.solitoncvs.testCases.TC_CVS_OPERATOR_25@5b87ed94]" name="setup" is-config="true" duration-ms="5273" started-at="2019-05-12T16:59:29Z" finished-at="2019-05-12T16:59:34Z">
          <params>
            <param index="0">
              <value>
                <![CDATA[chrome]]>
              </value>
            </param>
          </params>
          <reporter-output>
          </reporter-output>
        </test-method> <!-- setup -->
        <test-method status="PASS" signature="addVideoInputControl()[pri:0, instance:com.solitoncvs.testCases.TC_CVS_OPERATOR_25@5b87ed94]" name="addVideoInputControl" duration-ms="36992" started-at="2019-05-12T16:59:34Z" finished-at="2019-05-12T17:00:11Z">
          <reporter-output>
          </reporter-output>
        </test-method> <!-- addVideoInputControl -->
        <test-method status="PASS" signature="tearDown()[pri:0, instance:com.solitoncvs.testCases.TC_CVS_OPERATOR_25@5b87ed94]" name="tearDown" is-config="true" duration-ms="757" started-at="2019-05-12T17:00:11Z" finished-at="2019-05-12T17:00:12Z">
          <reporter-output>
          </reporter-output>
        </test-method> <!-- tearDown -->
      </class> <!-- com.solitoncvs.testCases.TC_CVS_OPERATOR_25 -->
      <class name="com.solitoncvs.testCases.TC_CVS_OPERATOR_22">
        <test-method status="PASS" signature="setup(java.lang.String)[pri:0, instance:com.solitoncvs.testCases.TC_CVS_OPERATOR_22@61f8bee4]" name="setup" is-config="true" duration-ms="5121" started-at="2019-05-12T16:57:34Z" finished-at="2019-05-12T16:57:40Z">
          <params>
            <param index="0">
              <value>
                <![CDATA[chrome]]>
              </value>
            </param>
          </params>
          <reporter-output>
          </reporter-output>
        </test-method> <!-- setup -->
        <test-method status="PASS" signature="FadeEffect()[pri:0, instance:com.solitoncvs.testCases.TC_CVS_OPERATOR_22@61f8bee4]" name="FadeEffect" duration-ms="22196" started-at="2019-05-12T16:57:40Z" finished-at="2019-05-12T16:58:02Z">
          <reporter-output>
          </reporter-output>
        </test-method> <!-- FadeEffect -->
        <test-method status="PASS" signature="tearDown()[pri:0, instance:com.solitoncvs.testCases.TC_CVS_OPERATOR_22@61f8bee4]" name="tearDown" is-config="true" duration-ms="799" started-at="2019-05-12T16:58:02Z" finished-at="2019-05-12T16:58:03Z">
          <reporter-output>
          </reporter-output>
        </test-method> <!-- tearDown -->
      </class> <!-- com.solitoncvs.testCases.TC_CVS_OPERATOR_22 -->
      <class name="com.solitoncvs.testCases.TC_CVS_OPERATOR_66">
        <test-method status="PASS" signature="setup(java.lang.String)[pri:0, instance:com.solitoncvs.testCases.TC_CVS_OPERATOR_66@6321e813]" name="setup" is-config="true" duration-ms="5164" started-at="2019-05-12T17:14:28Z" finished-at="2019-05-12T17:14:33Z">
          <params>
            <param index="0">
              <value>
                <![CDATA[chrome]]>
              </value>
            </param>
          </params>
          <reporter-output>
          </reporter-output>
        </test-method> <!-- setup -->
        <test-method status="PASS" signature="RTSPStreamControl()[pri:0, instance:com.solitoncvs.testCases.TC_CVS_OPERATOR_66@6321e813]" name="RTSPStreamControl" duration-ms="19942" started-at="2019-05-12T17:14:33Z" finished-at="2019-05-12T17:14:53Z">
          <reporter-output>
          </reporter-output>
        </test-method> <!-- RTSPStreamControl -->
        <test-method status="PASS" signature="tearDown()[pri:0, instance:com.solitoncvs.testCases.TC_CVS_OPERATOR_66@6321e813]" name="tearDown" is-config="true" duration-ms="780" started-at="2019-05-12T17:14:53Z" finished-at="2019-05-12T17:14:54Z">
          <reporter-output>
          </reporter-output>
        </test-method> <!-- tearDown -->
      </class> <!-- com.solitoncvs.testCases.TC_CVS_OPERATOR_66 -->
      <class name="com.solitoncvs.testCases.TC_CVS_OPERATOR_67">
        <test-method status="PASS" signature="setup(java.lang.String)[pri:0, instance:com.solitoncvs.testCases.TC_CVS_OPERATOR_67@79be0360]" name="setup" is-config="true" duration-ms="5184" started-at="2019-05-12T17:14:54Z" finished-at="2019-05-12T17:14:59Z">
          <params>
            <param index="0">
              <value>
                <![CDATA[chrome]]>
              </value>
            </param>
          </params>
          <reporter-output>
          </reporter-output>
        </test-method> <!-- setup -->
        <test-method status="PASS" signature="copyRTSPOutputUrl()[pri:0, instance:com.solitoncvs.testCases.TC_CVS_OPERATOR_67@79be0360]" name="copyRTSPOutputUrl" duration-ms="20269" started-at="2019-05-12T17:14:59Z" finished-at="2019-05-12T17:15:19Z">
          <reporter-output>
          </reporter-output>
        </test-method> <!-- copyRTSPOutputUrl -->
        <test-method status="PASS" signature="tearDown()[pri:0, instance:com.solitoncvs.testCases.TC_CVS_OPERATOR_67@79be0360]" name="tearDown" is-config="true" duration-ms="724" started-at="2019-05-12T17:15:19Z" finished-at="2019-05-12T17:15:20Z">
          <reporter-output>
          </reporter-output>
        </test-method> <!-- tearDown -->
      </class> <!-- com.solitoncvs.testCases.TC_CVS_OPERATOR_67 -->
      <class name="com.solitoncvs.testCases.TC_CVS_OPERATOR_23">
        <test-method status="PASS" signature="setup(java.lang.String)[pri:0, instance:com.solitoncvs.testCases.TC_CVS_OPERATOR_23@7b49cea0]" name="setup" is-config="true" duration-ms="5130" started-at="2019-05-12T16:58:03Z" finished-at="2019-05-12T16:58:08Z">
          <params>
            <param index="0">
              <value>
                <![CDATA[chrome]]>
              </value>
            </param>
          </params>
          <reporter-output>
          </reporter-output>
        </test-method> <!-- setup -->
        <test-method status="PASS" signature="CurtainEffect()[pri:0, instance:com.solitoncvs.testCases.TC_CVS_OPERATOR_23@7b49cea0]" name="CurtainEffect" duration-ms="22149" started-at="2019-05-12T16:58:08Z" finished-at="2019-05-12T16:58:30Z">
          <reporter-output>
          </reporter-output>
        </test-method> <!-- CurtainEffect -->
        <test-method status="PASS" signature="tearDown()[pri:0, instance:com.solitoncvs.testCases.TC_CVS_OPERATOR_23@7b49cea0]" name="tearDown" is-config="true" duration-ms="736" started-at="2019-05-12T16:58:30Z" finished-at="2019-05-12T16:58:31Z">
          <reporter-output>
          </reporter-output>
        </test-method> <!-- tearDown -->
      </class> <!-- com.solitoncvs.testCases.TC_CVS_OPERATOR_23 -->
      <class name="com.solitoncvs.testCases.TC_CVS_OPERATOR_64">
        <test-method status="PASS" signature="setup(java.lang.String)[pri:0, instance:com.solitoncvs.testCases.TC_CVS_OPERATOR_64@4973813a]" name="setup" is-config="true" duration-ms="5721" started-at="2019-05-12T17:13:53Z" finished-at="2019-05-12T17:13:59Z">
          <params>
            <param index="0">
              <value>
                <![CDATA[chrome]]>
              </value>
            </param>
          </params>
          <reporter-output>
          </reporter-output>
        </test-method> <!-- setup -->
        <test-method status="PASS" signature="stopAudioMixing()[pri:0, instance:com.solitoncvs.testCases.TC_CVS_OPERATOR_64@4973813a]" name="stopAudioMixing" duration-ms="28108" started-at="2019-05-12T17:13:59Z" finished-at="2019-05-12T17:14:27Z">
          <reporter-output>
          </reporter-output>
        </test-method> <!-- stopAudioMixing -->
        <test-method status="PASS" signature="tearDown()[pri:0, instance:com.solitoncvs.testCases.TC_CVS_OPERATOR_64@4973813a]" name="tearDown" is-config="true" duration-ms="686" started-at="2019-05-12T17:14:27Z" finished-at="2019-05-12T17:14:28Z">
          <reporter-output>
          </reporter-output>
        </test-method> <!-- tearDown -->
      </class> <!-- com.solitoncvs.testCases.TC_CVS_OPERATOR_64 -->
      <class name="com.solitoncvs.testCases.TC_CVS_OPERATOR_21">
        <test-method status="PASS" signature="setup(java.lang.String)[pri:0, instance:com.solitoncvs.testCases.TC_CVS_OPERATOR_21@4f970963]" name="setup" is-config="true" duration-ms="6622" started-at="2019-05-12T16:57:05Z" finished-at="2019-05-12T16:57:12Z">
          <params>
            <param index="0">
              <value>
                <![CDATA[chrome]]>
              </value>
            </param>
          </params>
          <reporter-output>
          </reporter-output>
        </test-method> <!-- setup -->
        <test-method status="PASS" signature="SwitchEffect()[pri:0, instance:com.solitoncvs.testCases.TC_CVS_OPERATOR_21@4f970963]" name="SwitchEffect" duration-ms="22208" started-at="2019-05-12T16:57:12Z" finished-at="2019-05-12T16:57:34Z">
          <reporter-output>
          </reporter-output>
        </test-method> <!-- SwitchEffect -->
        <test-method status="PASS" signature="tearDown()[pri:0, instance:com.solitoncvs.testCases.TC_CVS_OPERATOR_21@4f970963]" name="tearDown" is-config="true" duration-ms="754" started-at="2019-05-12T16:57:34Z" finished-at="2019-05-12T16:57:34Z">
          <reporter-output>
          </reporter-output>
        </test-method> <!-- tearDown -->
      </class> <!-- com.solitoncvs.testCases.TC_CVS_OPERATOR_21 -->
      <class name="com.solitoncvs.testCases.TC_CVS_OPERATOR_62">
        <test-method status="PASS" signature="setup(java.lang.String)[pri:0, instance:com.solitoncvs.testCases.TC_CVS_OPERATOR_62@3a883ce7]" name="setup" is-config="true" duration-ms="5046" started-at="2019-05-12T17:13:21Z" finished-at="2019-05-12T17:13:26Z">
          <params>
            <param index="0">
              <value>
                <![CDATA[chrome]]>
              </value>
            </param>
          </params>
          <reporter-output>
          </reporter-output>
        </test-method> <!-- setup -->
        <test-method status="PASS" signature="audioMixLeftDrag()[pri:0, instance:com.solitoncvs.testCases.TC_CVS_OPERATOR_62@3a883ce7]" name="audioMixLeftDrag" duration-ms="26402" started-at="2019-05-12T17:13:26Z" finished-at="2019-05-12T17:13:52Z">
          <reporter-output>
          </reporter-output>
        </test-method> <!-- audioMixLeftDrag -->
        <test-method status="PASS" signature="tearDown()[pri:0, instance:com.solitoncvs.testCases.TC_CVS_OPERATOR_62@3a883ce7]" name="tearDown" is-config="true" duration-ms="704" started-at="2019-05-12T17:13:52Z" finished-at="2019-05-12T17:13:53Z">
          <reporter-output>
          </reporter-output>
        </test-method> <!-- tearDown -->
      </class> <!-- com.solitoncvs.testCases.TC_CVS_OPERATOR_62 -->
      <class name="com.solitoncvs.testCases.TC_CVS_OPERATOR_28">
        <test-method status="PASS" signature="setup(java.lang.String)[pri:0, instance:com.solitoncvs.testCases.TC_CVS_OPERATOR_28@5bc79255]" name="setup" is-config="true" duration-ms="5321" started-at="2019-05-12T17:00:38Z" finished-at="2019-05-12T17:00:43Z">
          <params>
            <param index="0">
              <value>
                <![CDATA[chrome]]>
              </value>
            </param>
          </params>
          <reporter-output>
          </reporter-output>
        </test-method> <!-- setup -->
        <test-method status="PASS" signature="imageInputControl()[pri:0, instance:com.solitoncvs.testCases.TC_CVS_OPERATOR_28@5bc79255]" name="imageInputControl" duration-ms="20352" started-at="2019-05-12T17:00:43Z" finished-at="2019-05-12T17:01:04Z">
          <reporter-output>
          </reporter-output>
        </test-method> <!-- imageInputControl -->
        <test-method status="PASS" signature="tearDown()[pri:0, instance:com.solitoncvs.testCases.TC_CVS_OPERATOR_28@5bc79255]" name="tearDown" is-config="true" duration-ms="747" started-at="2019-05-12T17:01:04Z" finished-at="2019-05-12T17:01:04Z">
          <reporter-output>
          </reporter-output>
        </test-method> <!-- tearDown -->
      </class> <!-- com.solitoncvs.testCases.TC_CVS_OPERATOR_28 -->
      <class name="com.solitoncvs.testCases.TC_CVS_OPERATOR_29">
        <test-method status="PASS" signature="setup(java.lang.String)[pri:0, instance:com.solitoncvs.testCases.TC_CVS_OPERATOR_29@47ef968d]" name="setup" is-config="true" duration-ms="5323" started-at="2019-05-12T17:01:04Z" finished-at="2019-05-12T17:01:10Z">
          <params>
            <param index="0">
              <value>
                <![CDATA[chrome]]>
              </value>
            </param>
          </params>
          <reporter-output>
          </reporter-output>
        </test-method> <!-- setup -->
        <test-method status="PASS" signature="imageInputControl()[pri:0, instance:com.solitoncvs.testCases.TC_CVS_OPERATOR_29@47ef968d]" name="imageInputControl" duration-ms="34005" started-at="2019-05-12T17:01:10Z" finished-at="2019-05-12T17:01:44Z">
          <reporter-output>
          </reporter-output>
        </test-method> <!-- imageInputControl -->
        <test-method status="PASS" signature="tearDown()[pri:0, instance:com.solitoncvs.testCases.TC_CVS_OPERATOR_29@47ef968d]" name="tearDown" is-config="true" duration-ms="730" started-at="2019-05-12T17:01:44Z" finished-at="2019-05-12T17:01:44Z">
          <reporter-output>
          </reporter-output>
        </test-method> <!-- tearDown -->
      </class> <!-- com.solitoncvs.testCases.TC_CVS_OPERATOR_29 -->
      <class name="com.solitoncvs.testCases.TC_CVS_OPERATOR_27">
        <test-method status="PASS" signature="setup(java.lang.String)[pri:0, instance:com.solitoncvs.testCases.TC_CVS_OPERATOR_27@6e0e048a]" name="setup" is-config="true" duration-ms="4994" started-at="2019-05-12T17:00:12Z" finished-at="2019-05-12T17:00:17Z">
          <params>
            <param index="0">
              <value>
                <![CDATA[chrome]]>
              </value>
            </param>
          </params>
          <reporter-output>
          </reporter-output>
        </test-method> <!-- setup -->
        <test-method status="PASS" signature="previewUploadedInput()[pri:0, instance:com.solitoncvs.testCases.TC_CVS_OPERATOR_27@6e0e048a]" name="previewUploadedInput" duration-ms="20429" started-at="2019-05-12T17:00:17Z" finished-at="2019-05-12T17:00:37Z">
          <reporter-output>
          </reporter-output>
        </test-method> <!-- previewUploadedInput -->
        <test-method status="PASS" signature="tearDown()[pri:0, instance:com.solitoncvs.testCases.TC_CVS_OPERATOR_27@6e0e048a]" name="tearDown" is-config="true" duration-ms="800" started-at="2019-05-12T17:00:37Z" finished-at="2019-05-12T17:00:38Z">
          <reporter-output>
          </reporter-output>
        </test-method> <!-- tearDown -->
      </class> <!-- com.solitoncvs.testCases.TC_CVS_OPERATOR_27 -->
      <class name="com.solitoncvs.testCases.TC_CVS_OPERATOR_71">
        <test-method status="PASS" signature="setup(java.lang.String)[pri:0, instance:com.solitoncvs.testCases.TC_CVS_OPERATOR_71@3b084709]" name="setup" is-config="true" duration-ms="5274" started-at="2019-05-12T17:16:12Z" finished-at="2019-05-12T17:16:17Z">
          <params>
            <param index="0">
              <value>
                <![CDATA[chrome]]>
              </value>
            </param>
          </params>
          <reporter-output>
          </reporter-output>
        </test-method> <!-- setup -->
        <test-method status="PASS" signature="startFBOutputStreamControl()[pri:0, instance:com.solitoncvs.testCases.TC_CVS_OPERATOR_71@3b084709]" name="startFBOutputStreamControl" duration-ms="23252" started-at="2019-05-12T17:16:17Z" finished-at="2019-05-12T17:16:41Z">
          <reporter-output>
          </reporter-output>
        </test-method> <!-- startFBOutputStreamControl -->
        <test-method status="PASS" signature="tearDown()[pri:0, instance:com.solitoncvs.testCases.TC_CVS_OPERATOR_71@3b084709]" name="tearDown" is-config="true" duration-ms="704" started-at="2019-05-12T17:16:41Z" finished-at="2019-05-12T17:16:41Z">
          <reporter-output>
          </reporter-output>
        </test-method> <!-- tearDown -->
      </class> <!-- com.solitoncvs.testCases.TC_CVS_OPERATOR_71 -->
      <class name="com.solitoncvs.testCases.TC_CVS_OPERATOR_57">
        <test-method status="PASS" signature="setup(java.lang.String)[pri:0, instance:com.solitoncvs.testCases.TC_CVS_OPERATOR_57@72b6cbcc]" name="setup" is-config="true" duration-ms="5020" started-at="2019-05-12T17:18:30Z" finished-at="2019-05-12T17:18:35Z">
          <params>
            <param index="0">
              <value>
                <![CDATA[chrome]]>
              </value>
            </param>
          </params>
          <reporter-output>
          </reporter-output>
        </test-method> <!-- setup -->
        <test-method status="PASS" signature="endStream()[pri:0, instance:com.solitoncvs.testCases.TC_CVS_OPERATOR_57@72b6cbcc]" name="endStream" duration-ms="20351" started-at="2019-05-12T17:18:35Z" finished-at="2019-05-12T17:18:56Z">
          <reporter-output>
          </reporter-output>
        </test-method> <!-- endStream -->
        <test-method status="PASS" signature="tearDown()[pri:0, instance:com.solitoncvs.testCases.TC_CVS_OPERATOR_57@72b6cbcc]" name="tearDown" is-config="true" duration-ms="717" started-at="2019-05-12T17:18:56Z" finished-at="2019-05-12T17:18:56Z">
          <reporter-output>
          </reporter-output>
        </test-method> <!-- tearDown -->
      </class> <!-- com.solitoncvs.testCases.TC_CVS_OPERATOR_57 -->
      <class name="com.solitoncvs.testCases.TC_CVS_OPERATOR_14">
        <test-method status="PASS" signature="setup(java.lang.String)[pri:0, instance:com.solitoncvs.testCases.TC_CVS_OPERATOR_14@1d16f93d]" name="setup" is-config="true" duration-ms="4928" started-at="2019-05-12T16:55:13Z" finished-at="2019-05-12T16:55:18Z">
          <params>
            <param index="0">
              <value>
                <![CDATA[chrome]]>
              </value>
            </param>
          </params>
          <reporter-output>
          </reporter-output>
        </test-method> <!-- setup -->
        <test-method status="PASS" signature="addLiveInputControl()[pri:0, instance:com.solitoncvs.testCases.TC_CVS_OPERATOR_14@1d16f93d]" name="addLiveInputControl" duration-ms="18718" started-at="2019-05-12T16:55:18Z" finished-at="2019-05-12T16:55:36Z">
          <reporter-output>
          </reporter-output>
        </test-method> <!-- addLiveInputControl -->
        <test-method status="PASS" signature="tearDown()[pri:0, instance:com.solitoncvs.testCases.TC_CVS_OPERATOR_14@1d16f93d]" name="tearDown" is-config="true" duration-ms="734" started-at="2019-05-12T16:55:36Z" finished-at="2019-05-12T16:55:37Z">
          <reporter-output>
          </reporter-output>
        </test-method> <!-- tearDown -->
      </class> <!-- com.solitoncvs.testCases.TC_CVS_OPERATOR_14 -->
      <class name="com.solitoncvs.testCases.TC_CVS_OPERATOR_58">
        <test-method status="PASS" signature="setup(java.lang.String)[pri:0, instance:com.solitoncvs.testCases.TC_CVS_OPERATOR_58@3d99d22e]" name="setup" is-config="true" duration-ms="6156" started-at="2019-05-12T17:11:52Z" finished-at="2019-05-12T17:11:58Z">
          <params>
            <param index="0">
              <value>
                <![CDATA[chrome]]>
              </value>
            </param>
          </params>
          <reporter-output>
          </reporter-output>
        </test-method> <!-- setup -->
        <test-method status="PASS" signature="switchAnyInputControl()[pri:0, instance:com.solitoncvs.testCases.TC_CVS_OPERATOR_58@3d99d22e]" name="switchAnyInputControl" duration-ms="20390" started-at="2019-05-12T17:11:58Z" finished-at="2019-05-12T17:12:18Z">
          <reporter-output>
          </reporter-output>
        </test-method> <!-- switchAnyInputControl -->
        <test-method status="PASS" signature="tearDown()[pri:0, instance:com.solitoncvs.testCases.TC_CVS_OPERATOR_58@3d99d22e]" name="tearDown" is-config="true" duration-ms="735" started-at="2019-05-12T17:12:18Z" finished-at="2019-05-12T17:12:19Z">
          <reporter-output>
          </reporter-output>
        </test-method> <!-- tearDown -->
      </class> <!-- com.solitoncvs.testCases.TC_CVS_OPERATOR_58 -->
      <class name="com.solitoncvs.testCases.TC_CVS_OPERATOR_55">
        <test-method status="PASS" signature="setup(java.lang.String)[pri:0, instance:com.solitoncvs.testCases.TC_CVS_OPERATOR_55@3cef309d]" name="setup" is-config="true" duration-ms="5326" started-at="2019-05-12T17:10:55Z" finished-at="2019-05-12T17:11:01Z">
          <params>
            <param index="0">
              <value>
                <![CDATA[chrome]]>
              </value>
            </param>
          </params>
          <reporter-output>
          </reporter-output>
        </test-method> <!-- setup -->
        <test-method status="PASS" signature="addLiveWithoutInputControl()[pri:0, instance:com.solitoncvs.testCases.TC_CVS_OPERATOR_55@3cef309d]" name="addLiveWithoutInputControl" duration-ms="19878" started-at="2019-05-12T17:11:01Z" finished-at="2019-05-12T17:11:21Z">
          <reporter-output>
          </reporter-output>
        </test-method> <!-- addLiveWithoutInputControl -->
        <test-method status="PASS" signature="tearDown()[pri:0, instance:com.solitoncvs.testCases.TC_CVS_OPERATOR_55@3cef309d]" name="tearDown" is-config="true" duration-ms="708" started-at="2019-05-12T17:11:21Z" finished-at="2019-05-12T17:11:21Z">
          <reporter-output>
          </reporter-output>
        </test-method> <!-- tearDown -->
      </class> <!-- com.solitoncvs.testCases.TC_CVS_OPERATOR_55 -->
      <class name="com.solitoncvs.testCases.TC_CVS_OPERATOR_56">
        <test-method status="PASS" signature="setup(java.lang.String)[pri:0, instance:com.solitoncvs.testCases.TC_CVS_OPERATOR_56@32709393]" name="setup" is-config="true" duration-ms="5108" started-at="2019-05-12T17:11:21Z" finished-at="2019-05-12T17:11:26Z">
          <params>
            <param index="0">
              <value>
                <![CDATA[chrome]]>
              </value>
            </param>
          </params>
          <reporter-output>
          </reporter-output>
        </test-method> <!-- setup -->
        <test-method status="PASS" signature="outputPreview()[pri:0, instance:com.solitoncvs.testCases.TC_CVS_OPERATOR_56@32709393]" name="outputPreview" duration-ms="24468" started-at="2019-05-12T17:11:26Z" finished-at="2019-05-12T17:11:51Z">
          <reporter-output>
          </reporter-output>
        </test-method> <!-- outputPreview -->
        <test-method status="PASS" signature="tearDown()[pri:0, instance:com.solitoncvs.testCases.TC_CVS_OPERATOR_56@32709393]" name="tearDown" is-config="true" duration-ms="730" started-at="2019-05-12T17:11:51Z" finished-at="2019-05-12T17:11:52Z">
          <reporter-output>
          </reporter-output>
        </test-method> <!-- tearDown -->
      </class> <!-- com.solitoncvs.testCases.TC_CVS_OPERATOR_56 -->
      <class name="com.solitoncvs.testCases.TC_CVS_OPERATOR_53">
        <test-method status="PASS" signature="setup(java.lang.String)[pri:0, instance:com.solitoncvs.testCases.TC_CVS_OPERATOR_53@50b494a6]" name="setup" is-config="true" duration-ms="5360" started-at="2019-05-12T17:10:26Z" finished-at="2019-05-12T17:10:31Z">
          <params>
            <param index="0">
              <value>
                <![CDATA[chrome]]>
              </value>
            </param>
          </params>
          <reporter-output>
          </reporter-output>
        </test-method> <!-- setup -->
        <test-method status="PASS" signature="removeWaterlay()[pri:0, instance:com.solitoncvs.testCases.TC_CVS_OPERATOR_53@50b494a6]" name="removeWaterlay" duration-ms="23382" started-at="2019-05-12T17:10:31Z" finished-at="2019-05-12T17:10:55Z">
          <reporter-output>
          </reporter-output>
        </test-method> <!-- removeWaterlay -->
        <test-method status="PASS" signature="tearDown()[pri:0, instance:com.solitoncvs.testCases.TC_CVS_OPERATOR_53@50b494a6]" name="tearDown" is-config="true" duration-ms="726" started-at="2019-05-12T17:10:55Z" finished-at="2019-05-12T17:10:55Z">
          <reporter-output>
          </reporter-output>
        </test-method> <!-- tearDown -->
      </class> <!-- com.solitoncvs.testCases.TC_CVS_OPERATOR_53 -->
      <class name="com.solitoncvs.testCases.TC_CVS_OPERATOR_10">
        <test-method status="PASS" signature="setup(java.lang.String)[pri:0, instance:com.solitoncvs.testCases.TC_CVS_OPERATOR_10@6325a3ee]" name="setup" is-config="true" duration-ms="5274" started-at="2019-05-12T16:54:53Z" finished-at="2019-05-12T16:54:59Z">
          <params>
            <param index="0">
              <value>
                <![CDATA[chrome]]>
              </value>
            </param>
          </params>
          <reporter-output>
          </reporter-output>
        </test-method> <!-- setup -->
        <test-method status="PASS" signature="contactUsOption()[pri:0, instance:com.solitoncvs.testCases.TC_CVS_OPERATOR_10@6325a3ee]" name="contactUsOption" duration-ms="13337" started-at="2019-05-12T16:54:59Z" finished-at="2019-05-12T16:55:12Z">
          <reporter-output>
          </reporter-output>
        </test-method> <!-- contactUsOption -->
        <test-method status="PASS" signature="tearDown()[pri:0, instance:com.solitoncvs.testCases.TC_CVS_OPERATOR_10@6325a3ee]" name="tearDown" is-config="true" duration-ms="678" started-at="2019-05-12T16:55:12Z" finished-at="2019-05-12T16:55:13Z">
          <reporter-output>
          </reporter-output>
        </test-method> <!-- tearDown -->
      </class> <!-- com.solitoncvs.testCases.TC_CVS_OPERATOR_10 -->
      <class name="com.solitoncvs.testCases.TC_CVS_OPERATOR_52">
        <test-method status="PASS" signature="setup(java.lang.String)[pri:0, instance:com.solitoncvs.testCases.TC_CVS_OPERATOR_52@6e6c3152]" name="setup" is-config="true" duration-ms="5417" started-at="2019-05-12T17:09:50Z" finished-at="2019-05-12T17:09:56Z">
          <params>
            <param index="0">
              <value>
                <![CDATA[chrome]]>
              </value>
            </param>
          </params>
          <reporter-output>
          </reporter-output>
        </test-method> <!-- setup -->
        <test-method status="PASS" signature="overlayWatermark()[pri:0, instance:com.solitoncvs.testCases.TC_CVS_OPERATOR_52@6e6c3152]" name="overlayWatermark" duration-ms="29204" started-at="2019-05-12T17:09:56Z" finished-at="2019-05-12T17:10:25Z">
          <reporter-output>
          </reporter-output>
        </test-method> <!-- overlayWatermark -->
        <test-method status="PASS" signature="tearDown()[pri:0, instance:com.solitoncvs.testCases.TC_CVS_OPERATOR_52@6e6c3152]" name="tearDown" is-config="true" duration-ms="790" started-at="2019-05-12T17:10:25Z" finished-at="2019-05-12T17:10:26Z">
          <reporter-output>
          </reporter-output>
        </test-method> <!-- tearDown -->
      </class> <!-- com.solitoncvs.testCases.TC_CVS_OPERATOR_52 -->
      <class name="com.solitoncvs.testCases.TC_CVS_OPERATOR_17">
        <test-method status="PASS" signature="setup(java.lang.String)[pri:0, instance:com.solitoncvs.testCases.TC_CVS_OPERATOR_17@2b9627bc]" name="setup" is-config="true" duration-ms="5162" started-at="2019-05-12T16:56:08Z" finished-at="2019-05-12T16:56:13Z">
          <params>
            <param index="0">
              <value>
                <![CDATA[chrome]]>
              </value>
            </param>
          </params>
          <reporter-output>
          </reporter-output>
        </test-method> <!-- setup -->
        <test-method status="PASS" signature="AddLiveUrl()[pri:0, instance:com.solitoncvs.testCases.TC_CVS_OPERATOR_17@2b9627bc]" name="AddLiveUrl" duration-ms="22657" started-at="2019-05-12T16:56:13Z" finished-at="2019-05-12T16:56:36Z">
          <reporter-output>
          </reporter-output>
        </test-method> <!-- AddLiveUrl -->
        <test-method status="PASS" signature="tearDown()[pri:0, instance:com.solitoncvs.testCases.TC_CVS_OPERATOR_17@2b9627bc]" name="tearDown" is-config="true" duration-ms="710" started-at="2019-05-12T16:56:36Z" finished-at="2019-05-12T16:56:36Z">
          <reporter-output>
          </reporter-output>
        </test-method> <!-- tearDown -->
      </class> <!-- com.solitoncvs.testCases.TC_CVS_OPERATOR_17 -->
      <class name="com.solitoncvs.testCases.TC_CVS_OPERATOR_18">
        <test-method status="PASS" signature="setup(java.lang.String)[pri:0, instance:com.solitoncvs.testCases.TC_CVS_OPERATOR_18@65e2dbf3]" name="setup" is-config="true" duration-ms="5315" started-at="2019-05-12T16:56:36Z" finished-at="2019-05-12T16:56:42Z">
          <params>
            <param index="0">
              <value>
                <![CDATA[chrome]]>
              </value>
            </param>
          </params>
          <reporter-output>
          </reporter-output>
        </test-method> <!-- setup -->
        <test-method status="PASS" signature="previewInputControl()[pri:0, instance:com.solitoncvs.testCases.TC_CVS_OPERATOR_18@65e2dbf3]" name="previewInputControl" duration-ms="22559" started-at="2019-05-12T16:56:42Z" finished-at="2019-05-12T16:57:04Z">
          <reporter-output>
          </reporter-output>
        </test-method> <!-- previewInputControl -->
        <test-method status="PASS" signature="tearDown()[pri:0, instance:com.solitoncvs.testCases.TC_CVS_OPERATOR_18@65e2dbf3]" name="tearDown" is-config="true" duration-ms="720" started-at="2019-05-12T16:57:04Z" finished-at="2019-05-12T16:57:05Z">
          <reporter-output>
          </reporter-output>
        </test-method> <!-- tearDown -->
      </class> <!-- com.solitoncvs.testCases.TC_CVS_OPERATOR_18 -->
      <class name="com.solitoncvs.testCases.TC_CVS_OPERATOR_15">
        <test-method status="PASS" signature="setup(java.lang.String)[pri:0, instance:com.solitoncvs.testCases.TC_CVS_OPERATOR_15@67b92f0a]" name="setup" is-config="true" duration-ms="5004" started-at="2019-05-12T16:55:37Z" finished-at="2019-05-12T16:55:42Z">
          <params>
            <param index="0">
              <value>
                <![CDATA[chrome]]>
              </value>
            </param>
          </params>
          <reporter-output>
          </reporter-output>
        </test-method> <!-- setup -->
        <test-method status="PASS" signature="addLiveOption()[pri:0, instance:com.solitoncvs.testCases.TC_CVS_OPERATOR_15@67b92f0a]" name="addLiveOption" duration-ms="25046" started-at="2019-05-12T16:55:42Z" finished-at="2019-05-12T16:56:07Z">
          <reporter-output>
          </reporter-output>
        </test-method> <!-- addLiveOption -->
        <test-method status="PASS" signature="tearDown()[pri:0, instance:com.solitoncvs.testCases.TC_CVS_OPERATOR_15@67b92f0a]" name="tearDown" is-config="true" duration-ms="733" started-at="2019-05-12T16:56:07Z" finished-at="2019-05-12T16:56:08Z">
          <reporter-output>
          </reporter-output>
        </test-method> <!-- tearDown -->
      </class> <!-- com.solitoncvs.testCases.TC_CVS_OPERATOR_15 -->
      <class name="com.solitoncvs.testCases.TC_CVS_OPERATOR_60">
        <test-method status="PASS" signature="setup(java.lang.String)[pri:0, instance:com.solitoncvs.testCases.TC_CVS_OPERATOR_60@49fc609f]" name="setup" is-config="true" duration-ms="5100" started-at="2019-05-12T17:12:19Z" finished-at="2019-05-12T17:12:24Z">
          <params>
            <param index="0">
              <value>
                <![CDATA[chrome]]>
              </value>
            </param>
          </params>
          <reporter-output>
          </reporter-output>
        </test-method> <!-- setup -->
        <test-method status="PASS" signature="audioMixOutputControl()[pri:0, instance:com.solitoncvs.testCases.TC_CVS_OPERATOR_60@49fc609f]" name="audioMixOutputControl" duration-ms="25197" started-at="2019-05-12T17:12:24Z" finished-at="2019-05-12T17:12:49Z">
          <reporter-output>
          </reporter-output>
        </test-method> <!-- audioMixOutputControl -->
        <test-method status="PASS" signature="tearDown()[pri:0, instance:com.solitoncvs.testCases.TC_CVS_OPERATOR_60@49fc609f]" name="tearDown" is-config="true" duration-ms="798" started-at="2019-05-12T17:12:49Z" finished-at="2019-05-12T17:12:50Z">
          <reporter-output>
          </reporter-output>
        </test-method> <!-- tearDown -->
      </class> <!-- com.solitoncvs.testCases.TC_CVS_OPERATOR_60 -->
      <class name="com.solitoncvs.testCases.TC_CVS_OPERATOR_61">
        <test-method status="PASS" signature="setup(java.lang.String)[pri:0, instance:com.solitoncvs.testCases.TC_CVS_OPERATOR_61@cd2dae5]" name="setup" is-config="true" duration-ms="5109" started-at="2019-05-12T17:12:50Z" finished-at="2019-05-12T17:12:55Z">
          <params>
            <param index="0">
              <value>
                <![CDATA[chrome]]>
              </value>
            </param>
          </params>
          <reporter-output>
          </reporter-output>
        </test-method> <!-- setup -->
        <test-method status="PASS" signature="audioMixRightDrag()[pri:0, instance:com.solitoncvs.testCases.TC_CVS_OPERATOR_61@cd2dae5]" name="audioMixRightDrag" duration-ms="25211" started-at="2019-05-12T17:12:55Z" finished-at="2019-05-12T17:13:20Z">
          <reporter-output>
          </reporter-output>
        </test-method> <!-- audioMixRightDrag -->
        <test-method status="PASS" signature="tearDown()[pri:0, instance:com.solitoncvs.testCases.TC_CVS_OPERATOR_61@cd2dae5]" name="tearDown" is-config="true" duration-ms="748" started-at="2019-05-12T17:13:20Z" finished-at="2019-05-12T17:13:21Z">
          <reporter-output>
          </reporter-output>
        </test-method> <!-- tearDown -->
      </class> <!-- com.solitoncvs.testCases.TC_CVS_OPERATOR_61 -->
    </test> <!-- CVSWeb test -->
  </suite> <!-- Soliton_CVS_V1 -->
</testng-results>
